# JRE version: OpenJDK Runtime Environment (7.0_65-b32) (build 1.7.0_65-b32)
# Java VM: OpenJDK 64-Bit Server VM (24.65-b04 mixed mode linux-amd64 compressed oops)
Heap
 def new generation   total 87040K, used 0K [0x00000000d9800000, 0x00000000df670000, 0x00000000e2e00000)
  eden space 77376K,   0% used [0x00000000d9800000, 0x00000000d9800000, 0x00000000de390000)
  from space 9664K,   0% used [0x00000000ded00000, 0x00000000ded00000, 0x00000000df670000)
  to   space 9664K,   0% used [0x00000000de390000, 0x00000000de390000, 0x00000000ded00000)
 tenured generation   total 193276K, used 191978K [0x00000000e2e00000, 0x00000000eeabf000, 0x00000000f5a00000)
   the space 193276K,  99% used [0x00000000e2e00000, 0x00000000ee97a9e8, 0x00000000ee97aa00, 0x00000000eeabf000)
 compacting perm gen  total 60224K, used 60222K [0x00000000f5a00000, 0x00000000f94d0000, 0x0000000100000000)
   the space 60224K,  99% used [0x00000000f5a00000, 0x00000000f94cf910, 0x00000000f94cfa00, 0x00000000f94d0000)
GC Heap History (10 events):
Event: 12.442 GC heap after
Heap after GC invocations=38 (full 6):
 def new generation   total 52288K, used 5759K [0x00000000d9800000, 0x00000000dd0b0000, 0x00000000e2e00000)
  eden space 46528K,   0% used [0x00000000d9800000, 0x00000000d9800000, 0x00000000dc570000)
  from space 5760K,  99% used [0x00000000dcb10000, 0x00000000dd0afff8, 0x00000000dd0b0000)
  to   space 5760K,   0% used [0x00000000dc570000, 0x00000000dc570000, 0x00000000dcb10000)
 tenured generation   total 115964K, used 109553K [0x00000000e2e00000, 0x00000000e9f3f000, 0x00000000f5a00000)
   the space 115964K,  94% used [0x00000000e2e00000, 0x00000000e98fc600, 0x00000000e98fc600, 0x00000000e9f3f000)
 compacting perm gen  total 53824K, used 53589K [0x00000000f5a00000, 0x00000000f8e90000, 0x0000000100000000)
   the space 53824K,  99% used [0x00000000f5a00000, 0x00000000f8e55558, 0x00000000f8e55600, 0x00000000f8e90000)
No shared spaces configured.
}
Event: 12.684 GC heap before
{Heap before GC invocations=38 (full 6):
 def new generation   total 52288K, used 32493K [0x00000000d9800000, 0x00000000dd0b0000, 0x00000000e2e00000)
  eden space 46528K,  57% used [0x00000000d9800000, 0x00000000db21b700, 0x00000000dc570000)
  from space 5760K,  99% used [0x00000000dcb10000, 0x00000000dd0afff8, 0x00000000dd0b0000)
  to   space 5760K,   0% used [0x00000000dc570000, 0x00000000dc570000, 0x00000000dcb10000)
 tenured generation   total 115964K, used 109553K [0x00000000e2e00000, 0x00000000e9f3f000, 0x00000000f5a00000)
   the space 115964K,  94% used [0x00000000e2e00000, 0x00000000e98fc600, 0x00000000e98fc600, 0x00000000e9f3f000)
 compacting perm gen  total 54784K, used 54780K [0x00000000f5a00000, 0x00000000f8f80000, 0x0000000100000000)
   the space 54784K,  99% used [0x00000000f5a00000, 0x00000000f8f7f2f0, 0x00000000f8f7f400, 0x00000000f8f80000)
No shared spaces configured.
Event: 13.047 GC heap after
Heap after GC invocations=39 (full 7):
 def new generation   total 87040K, used 1081K [0x00000000d9800000, 0x00000000df670000, 0x00000000e2e00000)
  eden space 77376K,   1% used [0x00000000d9800000, 0x00000000d990e690, 0x00000000de390000)
  from space 9664K,   0% used [0x00000000de390000, 0x00000000de390000, 0x00000000ded00000)
  to   space 9664K,   0% used [0x00000000ded00000, 0x00000000ded00000, 0x00000000df670000)
 tenured generation   total 193276K, used 115963K [0x00000000e2e00000, 0x00000000eeabf000, 0x00000000f5a00000)
   the space 193276K,  59% used [0x00000000e2e00000, 0x00000000e9f3eff8, 0x00000000e9f3f000, 0x00000000eeabf000)
 compacting perm gen  total 54784K, used 54780K [0x00000000f5a00000, 0x00000000f8f80000, 0x0000000100000000)
   the space 54784K,  99% used [0x00000000f5a00000, 0x00000000f8f7f2f0, 0x00000000f8f7f400, 0x00000000f8f80000)
No shared spaces configured.
}
Event: 13.988 GC heap before
{Heap before GC invocations=39 (full 7):
 def new generation   total 87040K, used 77376K [0x00000000d9800000, 0x00000000df670000, 0x00000000e2e00000)
  eden space 77376K, 100% used [0x00000000d9800000, 0x00000000de390000, 0x00000000de390000)
  from space 9664K,   0% used [0x00000000de390000, 0x00000000de390000, 0x00000000ded00000)
  to   space 9664K,   0% used [0x00000000ded00000, 0x00000000ded00000, 0x00000000df670000)
 tenured generation   total 193276K, used 115963K [0x00000000e2e00000, 0x00000000eeabf000, 0x00000000f5a00000)
   the space 193276K,  59% used [0x00000000e2e00000, 0x00000000e9f3eff8, 0x00000000e9f3f000, 0x00000000eeabf000)
 compacting perm gen  total 57664K, used 57388K [0x00000000f5a00000, 0x00000000f9250000, 0x0000000100000000)
   the space 57664K,  99% used [0x00000000f5a00000, 0x00000000f920b270, 0x00000000f920b400, 0x00000000f9250000)
No shared spaces configured.
Event: 14.181 GC heap after
Heap after GC invocations=40 (full 7):
 def new generation   total 87040K, used 9664K [0x00000000d9800000, 0x00000000df670000, 0x00000000e2e00000)
  eden space 77376K,   0% used [0x00000000d9800000, 0x00000000d9800000, 0x00000000de390000)
  from space 9664K, 100% used [0x00000000ded00000, 0x00000000df670000, 0x00000000df670000)
  to   space 9664K,   0% used [0x00000000de390000, 0x00000000de390000, 0x00000000ded00000)
 tenured generation   total 193276K, used 129191K [0x00000000e2e00000, 0x00000000eeabf000, 0x00000000f5a00000)
   the space 193276K,  66% used [0x00000000e2e00000, 0x00000000eac29d88, 0x00000000eac29e00, 0x00000000eeabf000)
 compacting perm gen  total 57664K, used 57388K [0x00000000f5a00000, 0x00000000f9250000, 0x0000000100000000)
   the space 57664K,  99% used [0x00000000f5a00000, 0x00000000f920b270, 0x00000000f920b400, 0x00000000f9250000)
No shared spaces configured.
}
Event: 14.867 GC heap before
{Heap before GC invocations=40 (full 7):
 def new generation   total 87040K, used 87040K [0x00000000d9800000, 0x00000000df670000, 0x00000000e2e00000)
  eden space 77376K, 100% used [0x00000000d9800000, 0x00000000de390000, 0x00000000de390000)
  from space 9664K, 100% used [0x00000000ded00000, 0x00000000df670000, 0x00000000df670000)
  to   space 9664K,   0% used [0x00000000de390000, 0x00000000de390000, 0x00000000ded00000)
 tenured generation   total 193276K, used 129191K [0x00000000e2e00000, 0x00000000eeabf000, 0x00000000f5a00000)
   the space 193276K,  66% used [0x00000000e2e00000, 0x00000000eac29d88, 0x00000000eac29e00, 0x00000000eeabf000)
 compacting perm gen  total 58944K, used 58916K [0x00000000f5a00000, 0x00000000f9390000, 0x0000000100000000)
   the space 58944K,  99% used [0x00000000f5a00000, 0x00000000f9389288, 0x00000000f9389400, 0x00000000f9390000)
No shared spaces configured.
Event: 14.987 GC heap after
Heap after GC invocations=41 (full 7):
 def new generation   total 87040K, used 9664K [0x00000000d9800000, 0x00000000df670000, 0x00000000e2e00000)
  eden space 77376K,   0% used [0x00000000d9800000, 0x00000000d9800000, 0x00000000de390000)
  from space 9664K, 100% used [0x00000000de390000, 0x00000000ded00000, 0x00000000ded00000)
  to   space 9664K,   0% used [0x00000000ded00000, 0x00000000ded00000, 0x00000000df670000)
 tenured generation   total 193276K, used 159773K [0x00000000e2e00000, 0x00000000eeabf000, 0x00000000f5a00000)
   the space 193276K,  82% used [0x00000000e2e00000, 0x00000000eca07760, 0x00000000eca07800, 0x00000000eeabf000)
 compacting perm gen  total 58944K, used 58916K [0x00000000f5a00000, 0x00000000f9390000, 0x0000000100000000)
   the space 58944K,  99% used [0x00000000f5a00000, 0x00000000f9389288, 0x00000000f9389400, 0x00000000f9390000)
No shared spaces configured.
}
Event: 15.858 GC heap before
{Heap before GC invocations=41 (full 7):
 def new generation   total 87040K, used 87040K [0x00000000d9800000, 0x00000000df670000, 0x00000000e2e00000)
  eden space 77376K, 100% used [0x00000000d9800000, 0x00000000de390000, 0x00000000de390000)
  from space 9664K, 100% used [0x00000000de390000, 0x00000000ded00000, 0x00000000ded00000)
  to   space 9664K,   0% used [0x00000000ded00000, 0x00000000ded00000, 0x00000000df670000)
 tenured generation   total 193276K, used 159773K [0x00000000e2e00000, 0x00000000eeabf000, 0x00000000f5a00000)
   the space 193276K,  82% used [0x00000000e2e00000, 0x00000000eca07760, 0x00000000eca07800, 0x00000000eeabf000)
 compacting perm gen  total 59904K, used 59690K [0x00000000f5a00000, 0x00000000f9480000, 0x0000000100000000)
   the space 59904K,  99% used [0x00000000f5a00000, 0x00000000f944a968, 0x00000000f944aa00, 0x00000000f9480000)
No shared spaces configured.
Event: 15.974 GC heap after
Heap after GC invocations=42 (full 7):
 def new generation   total 87040K, used 9664K [0x00000000d9800000, 0x00000000df670000, 0x00000000e2e00000)
  eden space 77376K,   0% used [0x00000000d9800000, 0x00000000d9800000, 0x00000000de390000)
  from space 9664K, 100% used [0x00000000ded00000, 0x00000000df670000, 0x00000000df670000)
  to   space 9664K,   0% used [0x00000000de390000, 0x00000000de390000, 0x00000000ded00000)
 tenured generation   total 193276K, used 182812K [0x00000000e2e00000, 0x00000000eeabf000, 0x00000000f5a00000)
   the space 193276K,  94% used [0x00000000e2e00000, 0x00000000ee0872d8, 0x00000000ee087400, 0x00000000eeabf000)
 compacting perm gen  total 59904K, used 59690K [0x00000000f5a00000, 0x00000000f9480000, 0x0000000100000000)
   the space 59904K,  99% used [0x00000000f5a00000, 0x00000000f944a968, 0x00000000f944aa00, 0x00000000f9480000)
No shared spaces configured.
}
Event: 16.773 GC heap before
{Heap before GC invocations=42 (full 7):
 def new generation   total 87040K, used 60597K [0x00000000d9800000, 0x00000000df670000, 0x00000000e2e00000)
  eden space 77376K,  65% used [0x00000000d9800000, 0x00000000dc9bd570, 0x00000000de390000)
  from space 9664K, 100% used [0x00000000ded00000, 0x00000000df670000, 0x00000000df670000)
  to   space 9664K,   0% used [0x00000000de390000, 0x00000000de390000, 0x00000000ded00000)
 tenured generation   total 193276K, used 182812K [0x00000000e2e00000, 0x00000000eeabf000, 0x00000000f5a00000)
   the space 193276K,  94% used [0x00000000e2e00000, 0x00000000ee0872d8, 0x00000000ee087400, 0x00000000eeabf000)
 compacting perm gen  total 60224K, used 60223K [0x00000000f5a00000, 0x00000000f94d0000, 0x0000000100000000)
   the space 60224K,  99% used [0x00000000f5a00000, 0x00000000f94cfe78, 0x00000000f94d0000, 0x00000000f94d0000)
No shared spaces configured.

