# JRE version: OpenJDK Runtime Environment (7.0_65-b32) (build 1.7.0_65-b32)
# Java VM: OpenJDK 64-Bit Server VM (24.65-b04 mixed mode linux-amd64 compressed oops)
Heap
 def new generation   total 90944K, used 3768K [0x00000000d9800000, 0x00000000dfaa0000, 0x00000000e2e00000)
  eden space 80896K,   4% used [0x00000000d9800000, 0x00000000d9bae078, 0x00000000de700000)
  from space 10048K,   0% used [0x00000000df0d0000, 0x00000000df0d0000, 0x00000000dfaa0000)
  to   space 10048K,   0% used [0x00000000de700000, 0x00000000de700000, 0x00000000df0d0000)
 tenured generation   total 201928K, used 201927K [0x00000000e2e00000, 0x00000000ef332000, 0x00000000f5a00000)
   the space 201928K,  99% used [0x00000000e2e00000, 0x00000000ef331ff0, 0x00000000ef332000, 0x00000000ef332000)
 compacting perm gen  total 59776K, used 59774K [0x00000000f5a00000, 0x00000000f9460000, 0x0000000100000000)
   the space 59776K,  99% used [0x00000000f5a00000, 0x00000000f945fad8, 0x00000000f945fc00, 0x00000000f9460000)
GC Heap History (10 events):
Event: 13.321 GC heap after
Heap after GC invocations=38 (full 6):
 def new generation   total 51456K, used 5695K [0x00000000d9800000, 0x00000000dcfd0000, 0x00000000e2e00000)
  eden space 45760K,   0% used [0x00000000d9800000, 0x00000000d9800000, 0x00000000dc4b0000)
  from space 5696K,  99% used [0x00000000dca40000, 0x00000000dcfcfff8, 0x00000000dcfd0000)
  to   space 5696K,   0% used [0x00000000dc4b0000, 0x00000000dc4b0000, 0x00000000dca40000)
 tenured generation   total 114184K, used 107987K [0x00000000e2e00000, 0x00000000e9d82000, 0x00000000f5a00000)
   the space 114184K,  94% used [0x00000000e2e00000, 0x00000000e9774d58, 0x00000000e9774e00, 0x00000000e9d82000)
 compacting perm gen  total 52736K, used 52714K [0x00000000f5a00000, 0x00000000f8d80000, 0x0000000100000000)
   the space 52736K,  99% used [0x00000000f5a00000, 0x00000000f8d7aaf8, 0x00000000f8d7ac00, 0x00000000f8d80000)
No shared spaces configured.
}
Event: 13.734 GC heap before
{Heap before GC invocations=38 (full 6):
 def new generation   total 51456K, used 51455K [0x00000000d9800000, 0x00000000dcfd0000, 0x00000000e2e00000)
  eden space 45760K, 100% used [0x00000000d9800000, 0x00000000dc4b0000, 0x00000000dc4b0000)
  from space 5696K,  99% used [0x00000000dca40000, 0x00000000dcfcfff8, 0x00000000dcfd0000)
  to   space 5696K,   0% used [0x00000000dc4b0000, 0x00000000dc4b0000, 0x00000000dca40000)
 tenured generation   total 114184K, used 107987K [0x00000000e2e00000, 0x00000000e9d82000, 0x00000000f5a00000)
   the space 114184K,  94% used [0x00000000e2e00000, 0x00000000e9774d58, 0x00000000e9774e00, 0x00000000e9d82000)
 compacting perm gen  total 54336K, used 54144K [0x00000000f5a00000, 0x00000000f8f10000, 0x0000000100000000)
   the space 54336K,  99% used [0x00000000f5a00000, 0x00000000f8ee0370, 0x00000000f8ee0400, 0x00000000f8f10000)
No shared spaces configured.
Event: 14.175 GC heap after
Heap after GC invocations=39 (full 7):
 def new generation   total 90944K, used 0K [0x00000000d9800000, 0x00000000dfaa0000, 0x00000000e2e00000)
  eden space 80896K,   0% used [0x00000000d9800000, 0x00000000d9800000, 0x00000000de700000)
  from space 10048K,   0% used [0x00000000de700000, 0x00000000de700000, 0x00000000df0d0000)
  to   space 10048K,   0% used [0x00000000df0d0000, 0x00000000df0d0000, 0x00000000dfaa0000)
 tenured generation   total 201928K, used 121156K [0x00000000e2e00000, 0x00000000ef332000, 0x00000000f5a00000)
   the space 201928K,  59% used [0x00000000e2e00000, 0x00000000ea4512d8, 0x00000000ea451400, 0x00000000ef332000)
 compacting perm gen  total 54336K, used 54144K [0x00000000f5a00000, 0x00000000f8f10000, 0x0000000100000000)
   the space 54336K,  99% used [0x00000000f5a00000, 0x00000000f8ee0370, 0x00000000f8ee0400, 0x00000000f8f10000)
No shared spaces configured.
}
Event: 14.970 GC heap before
{Heap before GC invocations=39 (full 7):
 def new generation   total 90944K, used 80896K [0x00000000d9800000, 0x00000000dfaa0000, 0x00000000e2e00000)
  eden space 80896K, 100% used [0x00000000d9800000, 0x00000000de700000, 0x00000000de700000)
  from space 10048K,   0% used [0x00000000de700000, 0x00000000de700000, 0x00000000df0d0000)
  to   space 10048K,   0% used [0x00000000df0d0000, 0x00000000df0d0000, 0x00000000dfaa0000)
 tenured generation   total 201928K, used 121156K [0x00000000e2e00000, 0x00000000ef332000, 0x00000000f5a00000)
   the space 201928K,  59% used [0x00000000e2e00000, 0x00000000ea4512d8, 0x00000000ea451400, 0x00000000ef332000)
 compacting perm gen  total 56896K, used 56669K [0x00000000f5a00000, 0x00000000f9190000, 0x0000000100000000)
   the space 56896K,  99% used [0x00000000f5a00000, 0x00000000f9157460, 0x00000000f9157600, 0x00000000f9190000)
No shared spaces configured.
Event: 15.086 GC heap after
Heap after GC invocations=40 (full 7):
 def new generation   total 90944K, used 10048K [0x00000000d9800000, 0x00000000dfaa0000, 0x00000000e2e00000)
  eden space 80896K,   0% used [0x00000000d9800000, 0x00000000d9800000, 0x00000000de700000)
  from space 10048K, 100% used [0x00000000df0d0000, 0x00000000dfaa0000, 0x00000000dfaa0000)
  to   space 10048K,   0% used [0x00000000de700000, 0x00000000de700000, 0x00000000df0d0000)
 tenured generation   total 201928K, used 142025K [0x00000000e2e00000, 0x00000000ef332000, 0x00000000f5a00000)
   the space 201928K,  70% used [0x00000000e2e00000, 0x00000000eb8b26a0, 0x00000000eb8b2800, 0x00000000ef332000)
 compacting perm gen  total 56896K, used 56669K [0x00000000f5a00000, 0x00000000f9190000, 0x0000000100000000)
   the space 56896K,  99% used [0x00000000f5a00000, 0x00000000f9157460, 0x00000000f9157600, 0x00000000f9190000)
No shared spaces configured.
}
Event: 15.846 GC heap before
{Heap before GC invocations=40 (full 7):
 def new generation   total 90944K, used 90944K [0x00000000d9800000, 0x00000000dfaa0000, 0x00000000e2e00000)
  eden space 80896K, 100% used [0x00000000d9800000, 0x00000000de700000, 0x00000000de700000)
  from space 10048K, 100% used [0x00000000df0d0000, 0x00000000dfaa0000, 0x00000000dfaa0000)
  to   space 10048K,   0% used [0x00000000de700000, 0x00000000de700000, 0x00000000df0d0000)
 tenured generation   total 201928K, used 142025K [0x00000000e2e00000, 0x00000000ef332000, 0x00000000f5a00000)
   the space 201928K,  70% used [0x00000000e2e00000, 0x00000000eb8b26a0, 0x00000000eb8b2800, 0x00000000ef332000)
 compacting perm gen  total 59136K, used 58825K [0x00000000f5a00000, 0x00000000f93c0000, 0x0000000100000000)
   the space 59136K,  99% used [0x00000000f5a00000, 0x00000000f9372750, 0x00000000f9372800, 0x00000000f93c0000)
No shared spaces configured.
Event: 15.987 GC heap after
Heap after GC invocations=41 (full 7):
 def new generation   total 90944K, used 10047K [0x00000000d9800000, 0x00000000dfaa0000, 0x00000000e2e00000)
  eden space 80896K,   0% used [0x00000000d9800000, 0x00000000d9800000, 0x00000000de700000)
  from space 10048K,  99% used [0x00000000de700000, 0x00000000df0cfff8, 0x00000000df0d0000)
  to   space 10048K,   0% used [0x00000000df0d0000, 0x00000000df0d0000, 0x00000000dfaa0000)
 tenured generation   total 201928K, used 165883K [0x00000000e2e00000, 0x00000000ef332000, 0x00000000f5a00000)
   the space 201928K,  82% used [0x00000000e2e00000, 0x00000000ecffee48, 0x00000000ecfff000, 0x00000000ef332000)
 compacting perm gen  total 59136K, used 58825K [0x00000000f5a00000, 0x00000000f93c0000, 0x0000000100000000)
   the space 59136K,  99% used [0x00000000f5a00000, 0x00000000f9372750, 0x00000000f9372800, 0x00000000f93c0000)
No shared spaces configured.
}
Event: 16.948 GC heap before
{Heap before GC invocations=41 (full 7):
 def new generation   total 90944K, used 90943K [0x00000000d9800000, 0x00000000dfaa0000, 0x00000000e2e00000)
  eden space 80896K, 100% used [0x00000000d9800000, 0x00000000de700000, 0x00000000de700000)
  from space 10048K,  99% used [0x00000000de700000, 0x00000000df0cfff8, 0x00000000df0d0000)
  to   space 10048K,   0% used [0x00000000df0d0000, 0x00000000df0d0000, 0x00000000dfaa0000)
 tenured generation   total 201928K, used 165883K [0x00000000e2e00000, 0x00000000ef332000, 0x00000000f5a00000)
   the space 201928K,  82% used [0x00000000e2e00000, 0x00000000ecffee48, 0x00000000ecfff000, 0x00000000ef332000)
 compacting perm gen  total 59776K, used 59670K [0x00000000f5a00000, 0x00000000f9460000, 0x0000000100000000)
   the space 59776K,  99% used [0x00000000f5a00000, 0x00000000f9445930, 0x00000000f9445a00, 0x00000000f9460000)
No shared spaces configured.
Event: 17.100 GC heap after
Heap after GC invocations=42 (full 7):
 def new generation   total 90944K, used 10048K [0x00000000d9800000, 0x00000000dfaa0000, 0x00000000e2e00000)
  eden space 80896K,   0% used [0x00000000d9800000, 0x00000000d9800000, 0x00000000de700000)
  from space 10048K, 100% used [0x00000000df0d0000, 0x00000000dfaa0000, 0x00000000dfaa0000)
  to   space 10048K,   0% used [0x00000000de700000, 0x00000000de700000, 0x00000000df0d0000)
 tenured generation   total 201928K, used 190143K [0x00000000e2e00000, 0x00000000ef332000, 0x00000000f5a00000)
   the space 201928K,  94% used [0x00000000e2e00000, 0x00000000ee7afca8, 0x00000000ee7afe00, 0x00000000ef332000)
 compacting perm gen  total 59776K, used 59670K [0x00000000f5a00000, 0x00000000f9460000, 0x0000000100000000)
   the space 59776K,  99% used [0x00000000f5a00000, 0x00000000f9445930, 0x00000000f9445a00, 0x00000000f9460000)
No shared spaces configured.
}
Event: 17.832 GC heap before
{Heap before GC invocations=42 (full 7):
 def new generation   total 90944K, used 75928K [0x00000000d9800000, 0x00000000dfaa0000, 0x00000000e2e00000)
  eden space 80896K,  81% used [0x00000000d9800000, 0x00000000dd856178, 0x00000000de700000)
  from space 10048K, 100% used [0x00000000df0d0000, 0x00000000dfaa0000, 0x00000000dfaa0000)
  to   space 10048K,   0% used [0x00000000de700000, 0x00000000de700000, 0x00000000df0d0000)
 tenured generation   total 201928K, used 190143K [0x00000000e2e00000, 0x00000000ef332000, 0x00000000f5a00000)
   the space 201928K,  94% used [0x00000000e2e00000, 0x00000000ee7afca8, 0x00000000ee7afe00, 0x00000000ef332000)
 compacting perm gen  total 59776K, used 59775K [0x00000000f5a00000, 0x00000000f9460000, 0x0000000100000000)
   the space 59776K,  99% used [0x00000000f5a00000, 0x00000000f945ff78, 0x00000000f9460000, 0x00000000f9460000)
No shared spaces configured.

