# JRE version: OpenJDK Runtime Environment (7.0_65-b32) (build 1.7.0_65-b32)
# Java VM: OpenJDK 64-Bit Server VM (24.65-b04 mixed mode linux-amd64 compressed oops)
Heap
 def new generation   total 91584K, used 0K [0x00000000d9800000, 0x00000000dfb50000, 0x00000000e2e00000)
  eden space 81472K,   0% used [0x00000000d9800000, 0x00000000d9800000, 0x00000000de790000)
  from space 10112K,   0% used [0x00000000de790000, 0x00000000de790000, 0x00000000df170000)
  to   space 10112K,   0% used [0x00000000df170000, 0x00000000df170000, 0x00000000dfb50000)
 tenured generation   total 203324K, used 177453K [0x00000000e2e00000, 0x00000000ef48f000, 0x00000000f5a00000)
   the space 203324K,  87% used [0x00000000e2e00000, 0x00000000edb4b5d0, 0x00000000edb4b600, 0x00000000ef48f000)
 compacting perm gen  total 59136K, used 59134K [0x00000000f5a00000, 0x00000000f93c0000, 0x0000000100000000)
   the space 59136K,  99% used [0x00000000f5a00000, 0x00000000f93bfa50, 0x00000000f93bfc00, 0x00000000f93c0000)
GC Heap History (10 events):
Event: 11.537 GC heap after
Heap after GC invocations=36 (full 6):
 def new generation   total 51968K, used 5760K [0x00000000d9800000, 0x00000000dd060000, 0x00000000e2e00000)
  eden space 46208K,   0% used [0x00000000d9800000, 0x00000000d9800000, 0x00000000dc520000)
  from space 5760K, 100% used [0x00000000dc520000, 0x00000000dcac0000, 0x00000000dcac0000)
  to   space 5760K,   0% used [0x00000000dcac0000, 0x00000000dcac0000, 0x00000000dd060000)
 tenured generation   total 115396K, used 90336K [0x00000000e2e00000, 0x00000000e9eb1000, 0x00000000f5a00000)
   the space 115396K,  78% used [0x00000000e2e00000, 0x00000000e86382e0, 0x00000000e8638400, 0x00000000e9eb1000)
 compacting perm gen  total 50816K, used 50721K [0x00000000f5a00000, 0x00000000f8ba0000, 0x0000000100000000)
   the space 50816K,  99% used [0x00000000f5a00000, 0x00000000f8b88458, 0x00000000f8b88600, 0x00000000f8ba0000)
No shared spaces configured.
}
Event: 11.865 GC heap before
{Heap before GC invocations=36 (full 6):
 def new generation   total 51968K, used 51968K [0x00000000d9800000, 0x00000000dd060000, 0x00000000e2e00000)
  eden space 46208K, 100% used [0x00000000d9800000, 0x00000000dc520000, 0x00000000dc520000)
  from space 5760K, 100% used [0x00000000dc520000, 0x00000000dcac0000, 0x00000000dcac0000)
  to   space 5760K,   0% used [0x00000000dcac0000, 0x00000000dcac0000, 0x00000000dd060000)
 tenured generation   total 115396K, used 90336K [0x00000000e2e00000, 0x00000000e9eb1000, 0x00000000f5a00000)
   the space 115396K,  78% used [0x00000000e2e00000, 0x00000000e86382e0, 0x00000000e8638400, 0x00000000e9eb1000)
 compacting perm gen  total 52096K, used 52063K [0x00000000f5a00000, 0x00000000f8ce0000, 0x0000000100000000)
   the space 52096K,  99% used [0x00000000f5a00000, 0x00000000f8cd7fe0, 0x00000000f8cd8000, 0x00000000f8ce0000)
No shared spaces configured.
Event: 11.923 GC heap after
Heap after GC invocations=37 (full 6):
 def new generation   total 51968K, used 5760K [0x00000000d9800000, 0x00000000dd060000, 0x00000000e2e00000)
  eden space 46208K,   0% used [0x00000000d9800000, 0x00000000d9800000, 0x00000000dc520000)
  from space 5760K, 100% used [0x00000000dcac0000, 0x00000000dd060000, 0x00000000dd060000)
  to   space 5760K,   0% used [0x00000000dc520000, 0x00000000dc520000, 0x00000000dcac0000)
 tenured generation   total 115396K, used 108821K [0x00000000e2e00000, 0x00000000e9eb1000, 0x00000000f5a00000)
   the space 115396K,  94% used [0x00000000e2e00000, 0x00000000e98457b0, 0x00000000e9845800, 0x00000000e9eb1000)
 compacting perm gen  total 52096K, used 52063K [0x00000000f5a00000, 0x00000000f8ce0000, 0x0000000100000000)
   the space 52096K,  99% used [0x00000000f5a00000, 0x00000000f8cd7fe0, 0x00000000f8cd8000, 0x00000000f8ce0000)
No shared spaces configured.
}
Event: 12.334 GC heap before
{Heap before GC invocations=37 (full 6):
 def new generation   total 51968K, used 51968K [0x00000000d9800000, 0x00000000dd060000, 0x00000000e2e00000)
  eden space 46208K, 100% used [0x00000000d9800000, 0x00000000dc520000, 0x00000000dc520000)
  from space 5760K, 100% used [0x00000000dcac0000, 0x00000000dd060000, 0x00000000dd060000)
  to   space 5760K,   0% used [0x00000000dc520000, 0x00000000dc520000, 0x00000000dcac0000)
 tenured generation   total 115396K, used 108821K [0x00000000e2e00000, 0x00000000e9eb1000, 0x00000000f5a00000)
   the space 115396K,  94% used [0x00000000e2e00000, 0x00000000e98457b0, 0x00000000e9845800, 0x00000000e9eb1000)
 compacting perm gen  total 53696K, used 53533K [0x00000000f5a00000, 0x00000000f8e70000, 0x0000000100000000)
   the space 53696K,  99% used [0x00000000f5a00000, 0x00000000f8e474c0, 0x00000000f8e47600, 0x00000000f8e70000)
No shared spaces configured.
Event: 12.761 GC heap after
Heap after GC invocations=38 (full 7):
 def new generation   total 91584K, used 0K [0x00000000d9800000, 0x00000000dfb50000, 0x00000000e2e00000)
  eden space 81472K,   0% used [0x00000000d9800000, 0x00000000d9800000, 0x00000000de790000)
  from space 10112K,   0% used [0x00000000de790000, 0x00000000de790000, 0x00000000df170000)
  to   space 10112K,   0% used [0x00000000df170000, 0x00000000df170000, 0x00000000dfb50000)
 tenured generation   total 203324K, used 121993K [0x00000000e2e00000, 0x00000000ef48f000, 0x00000000f5a00000)
   the space 203324K,  59% used [0x00000000e2e00000, 0x00000000ea522690, 0x00000000ea522800, 0x00000000ef48f000)
 compacting perm gen  total 53696K, used 53533K [0x00000000f5a00000, 0x00000000f8e70000, 0x0000000100000000)
   the space 53696K,  99% used [0x00000000f5a00000, 0x00000000f8e474c0, 0x00000000f8e47600, 0x00000000f8e70000)
No shared spaces configured.
}
Event: 13.366 GC heap before
{Heap before GC invocations=38 (full 7):
 def new generation   total 91584K, used 81472K [0x00000000d9800000, 0x00000000dfb50000, 0x00000000e2e00000)
  eden space 81472K, 100% used [0x00000000d9800000, 0x00000000de790000, 0x00000000de790000)
  from space 10112K,   0% used [0x00000000de790000, 0x00000000de790000, 0x00000000df170000)
  to   space 10112K,   0% used [0x00000000df170000, 0x00000000df170000, 0x00000000dfb50000)
 tenured generation   total 203324K, used 121993K [0x00000000e2e00000, 0x00000000ef48f000, 0x00000000f5a00000)
   the space 203324K,  59% used [0x00000000e2e00000, 0x00000000ea522690, 0x00000000ea522800, 0x00000000ef48f000)
 compacting perm gen  total 56256K, used 56202K [0x00000000f5a00000, 0x00000000f90f0000, 0x0000000100000000)
   the space 56256K,  99% used [0x00000000f5a00000, 0x00000000f90e2a10, 0x00000000f90e2c00, 0x00000000f90f0000)
No shared spaces configured.
Event: 13.455 GC heap after
Heap after GC invocations=39 (full 7):
 def new generation   total 91584K, used 10112K [0x00000000d9800000, 0x00000000dfb50000, 0x00000000e2e00000)
  eden space 81472K,   0% used [0x00000000d9800000, 0x00000000d9800000, 0x00000000de790000)
  from space 10112K, 100% used [0x00000000df170000, 0x00000000dfb50000, 0x00000000dfb50000)
  to   space 10112K,   0% used [0x00000000de790000, 0x00000000de790000, 0x00000000df170000)
 tenured generation   total 203324K, used 143134K [0x00000000e2e00000, 0x00000000ef48f000, 0x00000000f5a00000)
   the space 203324K,  70% used [0x00000000e2e00000, 0x00000000eb9c7a00, 0x00000000eb9c7a00, 0x00000000ef48f000)
 compacting perm gen  total 56256K, used 56202K [0x00000000f5a00000, 0x00000000f90f0000, 0x0000000100000000)
   the space 56256K,  99% used [0x00000000f5a00000, 0x00000000f90e2a10, 0x00000000f90e2c00, 0x00000000f90f0000)
No shared spaces configured.
}
Event: 14.273 GC heap before
{Heap before GC invocations=39 (full 7):
 def new generation   total 91584K, used 91584K [0x00000000d9800000, 0x00000000dfb50000, 0x00000000e2e00000)
  eden space 81472K, 100% used [0x00000000d9800000, 0x00000000de790000, 0x00000000de790000)
  from space 10112K, 100% used [0x00000000df170000, 0x00000000dfb50000, 0x00000000dfb50000)
  to   space 10112K,   0% used [0x00000000de790000, 0x00000000de790000, 0x00000000df170000)
 tenured generation   total 203324K, used 143134K [0x00000000e2e00000, 0x00000000ef48f000, 0x00000000f5a00000)
   the space 203324K,  70% used [0x00000000e2e00000, 0x00000000eb9c7a00, 0x00000000eb9c7a00, 0x00000000ef48f000)
 compacting perm gen  total 58496K, used 58424K [0x00000000f5a00000, 0x00000000f9320000, 0x0000000100000000)
   the space 58496K,  99% used [0x00000000f5a00000, 0x00000000f930e248, 0x00000000f930e400, 0x00000000f9320000)
No shared spaces configured.
Event: 14.393 GC heap after
Heap after GC invocations=40 (full 7):
 def new generation   total 91584K, used 10112K [0x00000000d9800000, 0x00000000dfb50000, 0x00000000e2e00000)
  eden space 81472K,   0% used [0x00000000d9800000, 0x00000000d9800000, 0x00000000de790000)
  from space 10112K, 100% used [0x00000000de790000, 0x00000000df170000, 0x00000000df170000)
  to   space 10112K,   0% used [0x00000000df170000, 0x00000000df170000, 0x00000000dfb50000)
 tenured generation   total 203324K, used 167009K [0x00000000e2e00000, 0x00000000ef48f000, 0x00000000f5a00000)
   the space 203324K,  82% used [0x00000000e2e00000, 0x00000000ed1186a0, 0x00000000ed118800, 0x00000000ef48f000)
 compacting perm gen  total 58496K, used 58424K [0x00000000f5a00000, 0x00000000f9320000, 0x0000000100000000)
   the space 58496K,  99% used [0x00000000f5a00000, 0x00000000f930e248, 0x00000000f930e400, 0x00000000f9320000)
No shared spaces configured.
}
Event: 14.890 GC heap before
{Heap before GC invocations=40 (full 7):
 def new generation   total 91584K, used 59517K [0x00000000d9800000, 0x00000000dfb50000, 0x00000000e2e00000)
  eden space 81472K,  60% used [0x00000000d9800000, 0x00000000dc83f7d0, 0x00000000de790000)
  from space 10112K, 100% used [0x00000000de790000, 0x00000000df170000, 0x00000000df170000)
  to   space 10112K,   0% used [0x00000000df170000, 0x00000000df170000, 0x00000000dfb50000)
 tenured generation   total 203324K, used 167009K [0x00000000e2e00000, 0x00000000ef48f000, 0x00000000f5a00000)
   the space 203324K,  82% used [0x00000000e2e00000, 0x00000000ed1186a0, 0x00000000ed118800, 0x00000000ef48f000)
 compacting perm gen  total 59136K, used 59135K [0x00000000f5a00000, 0x00000000f93c0000, 0x0000000100000000)
   the space 59136K,  99% used [0x00000000f5a00000, 0x00000000f93bfe10, 0x00000000f93c0000, 0x00000000f93c0000)
No shared spaces configured.

