# JRE version: OpenJDK Runtime Environment (7.0_65-b32) (build 1.7.0_65-b32)
# Java VM: OpenJDK 64-Bit Server VM (24.65-b04 mixed mode linux-amd64 compressed oops)
Heap
 def new generation   total 125696K, used 51247K [0x00000000d9800000, 0x00000000e2060000, 0x00000000e2e00000)
  eden space 111744K,  33% used [0x00000000d9800000, 0x00000000dbc6bd78, 0x00000000e0520000)
  from space 13952K,  99% used [0x00000000e0520000, 0x00000000e12bfff8, 0x00000000e12c0000)
  to   space 13952K,   0% used [0x00000000e12c0000, 0x00000000e12c0000, 0x00000000e2060000)
 tenured generation   total 279164K, used 219900K [0x00000000e2e00000, 0x00000000f3e9f000, 0x00000000f5a00000)
   the space 279164K,  78% used [0x00000000e2e00000, 0x00000000f04bf048, 0x00000000f04bf200, 0x00000000f3e9f000)
 compacting perm gen  total 61504K, used 61504K [0x00000000f5a00000, 0x00000000f9610000, 0x0000000100000000)
   the space 61504K, 100% used [0x00000000f5a00000, 0x00000000f9610000, 0x00000000f9610000, 0x00000000f9610000)
GC Heap History (10 events):
Event: 15.384 GC heap before
{Heap before GC invocations=38 (full 7):
 def new generation   total 86144K, used 76608K [0x00000000d9800000, 0x00000000df570000, 0x00000000e2e00000)
  eden space 76608K, 100% used [0x00000000d9800000, 0x00000000de2d0000, 0x00000000de2d0000)
  from space 9536K,   0% used [0x00000000de2d0000, 0x00000000de2d0000, 0x00000000dec20000)
  to   space 9536K,   0% used [0x00000000dec20000, 0x00000000dec20000, 0x00000000df570000)
 tenured generation   total 191240K, used 114743K [0x00000000e2e00000, 0x00000000ee8c2000, 0x00000000f5a00000)
   the space 191240K,  59% used [0x00000000e2e00000, 0x00000000e9e0ded0, 0x00000000e9e0e000, 0x00000000ee8c2000)
 compacting perm gen  total 56704K, used 56676K [0x00000000f5a00000, 0x00000000f9160000, 0x0000000100000000)
   the space 56704K,  99% used [0x00000000f5a00000, 0x00000000f9159118, 0x00000000f9159200, 0x00000000f9160000)
No shared spaces configured.
Event: 15.500 GC heap after
Heap after GC invocations=39 (full 7):
 def new generation   total 86144K, used 9536K [0x00000000d9800000, 0x00000000df570000, 0x00000000e2e00000)
  eden space 76608K,   0% used [0x00000000d9800000, 0x00000000d9800000, 0x00000000de2d0000)
  from space 9536K, 100% used [0x00000000dec20000, 0x00000000df570000, 0x00000000df570000)
  to   space 9536K,   0% used [0x00000000de2d0000, 0x00000000de2d0000, 0x00000000dec20000)
 tenured generation   total 191240K, used 127259K [0x00000000e2e00000, 0x00000000ee8c2000, 0x00000000f5a00000)
   the space 191240K,  66% used [0x00000000e2e00000, 0x00000000eaa46dc0, 0x00000000eaa46e00, 0x00000000ee8c2000)
 compacting perm gen  total 56704K, used 56676K [0x00000000f5a00000, 0x00000000f9160000, 0x0000000100000000)
   the space 56704K,  99% used [0x00000000f5a00000, 0x00000000f9159118, 0x00000000f9159200, 0x00000000f9160000)
No shared spaces configured.
}
Event: 16.129 GC heap before
{Heap before GC invocations=39 (full 7):
 def new generation   total 86144K, used 86144K [0x00000000d9800000, 0x00000000df570000, 0x00000000e2e00000)
  eden space 76608K, 100% used [0x00000000d9800000, 0x00000000de2d0000, 0x00000000de2d0000)
  from space 9536K, 100% used [0x00000000dec20000, 0x00000000df570000, 0x00000000df570000)
  to   space 9536K,   0% used [0x00000000de2d0000, 0x00000000de2d0000, 0x00000000dec20000)
 tenured generation   total 191240K, used 127259K [0x00000000e2e00000, 0x00000000ee8c2000, 0x00000000f5a00000)
   the space 191240K,  66% used [0x00000000e2e00000, 0x00000000eaa46dc0, 0x00000000eaa46e00, 0x00000000ee8c2000)
 compacting perm gen  total 58624K, used 58603K [0x00000000f5a00000, 0x00000000f9340000, 0x0000000100000000)
   the space 58624K,  99% used [0x00000000f5a00000, 0x00000000f933adf8, 0x00000000f933ae00, 0x00000000f9340000)
No shared spaces configured.
Event: 16.247 GC heap after
Heap after GC invocations=40 (full 7):
 def new generation   total 86144K, used 9535K [0x00000000d9800000, 0x00000000df570000, 0x00000000e2e00000)
  eden space 76608K,   0% used [0x00000000d9800000, 0x00000000d9800000, 0x00000000de2d0000)
  from space 9536K,  99% used [0x00000000de2d0000, 0x00000000dec1fff8, 0x00000000dec20000)
  to   space 9536K,   0% used [0x00000000dec20000, 0x00000000dec20000, 0x00000000df570000)
 tenured generation   total 191240K, used 157323K [0x00000000e2e00000, 0x00000000ee8c2000, 0x00000000f5a00000)
   the space 191240K,  82% used [0x00000000e2e00000, 0x00000000ec7a2f80, 0x00000000ec7a3000, 0x00000000ee8c2000)
 compacting perm gen  total 58624K, used 58603K [0x00000000f5a00000, 0x00000000f9340000, 0x0000000100000000)
   the space 58624K,  99% used [0x00000000f5a00000, 0x00000000f933adf8, 0x00000000f933ae00, 0x00000000f9340000)
No shared spaces configured.
}
Event: 16.766 GC heap before
{Heap before GC invocations=40 (full 7):
 def new generation   total 86144K, used 57830K [0x00000000d9800000, 0x00000000df570000, 0x00000000e2e00000)
  eden space 76608K,  63% used [0x00000000d9800000, 0x00000000dc7299a8, 0x00000000de2d0000)
  from space 9536K,  99% used [0x00000000de2d0000, 0x00000000dec1fff8, 0x00000000dec20000)
  to   space 9536K,   0% used [0x00000000dec20000, 0x00000000dec20000, 0x00000000df570000)
 tenured generation   total 191240K, used 157323K [0x00000000e2e00000, 0x00000000ee8c2000, 0x00000000f5a00000)
   the space 191240K,  82% used [0x00000000e2e00000, 0x00000000ec7a2f80, 0x00000000ec7a3000, 0x00000000ee8c2000)
 compacting perm gen  total 59264K, used 59263K [0x00000000f5a00000, 0x00000000f93e0000, 0x0000000100000000)
   the space 59264K,  99% used [0x00000000f5a00000, 0x00000000f93dfd38, 0x00000000f93dfe00, 0x00000000f93e0000)
No shared spaces configured.
Event: 17.354 GC heap after
Heap after GC invocations=41 (full 8):
 def new generation   total 125696K, used 0K [0x00000000d9800000, 0x00000000e2060000, 0x00000000e2e00000)
  eden space 111744K,   0% used [0x00000000d9800000, 0x00000000d9800000, 0x00000000e0520000)
  from space 13952K,   0% used [0x00000000e0520000, 0x00000000e0520000, 0x00000000e12c0000)
  to   space 13952K,   0% used [0x00000000e12c0000, 0x00000000e12c0000, 0x00000000e2060000)
 tenured generation   total 279164K, used 167497K [0x00000000e2e00000, 0x00000000f3e9f000, 0x00000000f5a00000)
   the space 279164K,  59% used [0x00000000e2e00000, 0x00000000ed1925e8, 0x00000000ed192600, 0x00000000f3e9f000)
 compacting perm gen  total 59264K, used 59262K [0x00000000f5a00000, 0x00000000f93e0000, 0x0000000100000000)
   the space 59264K,  99% used [0x00000000f5a00000, 0x00000000f93df9f8, 0x00000000f93dfa00, 0x00000000f93e0000)
No shared spaces configured.
}
Event: 18.915 GC heap before
{Heap before GC invocations=41 (full 8):
 def new generation   total 125696K, used 107928K [0x00000000d9800000, 0x00000000e2060000, 0x00000000e2e00000)
  eden space 111744K,  96% used [0x00000000d9800000, 0x00000000e0166050, 0x00000000e0520000)
  from space 13952K,   0% used [0x00000000e0520000, 0x00000000e0520000, 0x00000000e12c0000)
  to   space 13952K,   0% used [0x00000000e12c0000, 0x00000000e12c0000, 0x00000000e2060000)
 tenured generation   total 279164K, used 167497K [0x00000000e2e00000, 0x00000000f3e9f000, 0x00000000f5a00000)
   the space 279164K,  59% used [0x00000000e2e00000, 0x00000000ed1925e8, 0x00000000ed192600, 0x00000000f3e9f000)
 compacting perm gen  total 60224K, used 60182K [0x00000000f5a00000, 0x00000000f94d0000, 0x0000000100000000)
   the space 60224K,  99% used [0x00000000f5a00000, 0x00000000f94c5ba8, 0x00000000f94c5c00, 0x00000000f94d0000)
No shared spaces configured.
Event: 19.095 GC heap after
Heap after GC invocations=42 (full 8):
 def new generation   total 125696K, used 13951K [0x00000000d9800000, 0x00000000e2060000, 0x00000000e2e00000)
  eden space 111744K,   0% used [0x00000000d9800000, 0x00000000d9800000, 0x00000000e0520000)
  from space 13952K,  99% used [0x00000000e12c0000, 0x00000000e205fff8, 0x00000000e2060000)
  to   space 13952K,   0% used [0x00000000e0520000, 0x00000000e0520000, 0x00000000e12c0000)
 tenured generation   total 279164K, used 184980K [0x00000000e2e00000, 0x00000000f3e9f000, 0x00000000f5a00000)
   the space 279164K,  66% used [0x00000000e2e00000, 0x00000000ee2a5098, 0x00000000ee2a5200, 0x00000000f3e9f000)
 compacting perm gen  total 60224K, used 60182K [0x00000000f5a00000, 0x00000000f94d0000, 0x0000000100000000)
   the space 60224K,  99% used [0x00000000f5a00000, 0x00000000f94c5ba8, 0x00000000f94c5c00, 0x00000000f94d0000)
No shared spaces configured.
}
Event: 20.030 GC heap before
{Heap before GC invocations=42 (full 8):
 def new generation   total 125696K, used 125695K [0x00000000d9800000, 0x00000000e2060000, 0x00000000e2e00000)
  eden space 111744K, 100% used [0x00000000d9800000, 0x00000000e0520000, 0x00000000e0520000)
  from space 13952K,  99% used [0x00000000e12c0000, 0x00000000e205fff8, 0x00000000e2060000)
  to   space 13952K,   0% used [0x00000000e0520000, 0x00000000e0520000, 0x00000000e12c0000)
 tenured generation   total 279164K, used 184980K [0x00000000e2e00000, 0x00000000f3e9f000, 0x00000000f5a00000)
   the space 279164K,  66% used [0x00000000e2e00000, 0x00000000ee2a5098, 0x00000000ee2a5200, 0x00000000f3e9f000)
 compacting perm gen  total 61184K, used 61007K [0x00000000f5a00000, 0x00000000f95c0000, 0x0000000100000000)
   the space 61184K,  99% used [0x00000000f5a00000, 0x00000000f9593f00, 0x00000000f9594000, 0x00000000f95c0000)
No shared spaces configured.
Event: 20.676 GC heap after
Heap after GC invocations=43 (full 8):
 def new generation   total 125696K, used 13951K [0x00000000d9800000, 0x00000000e2060000, 0x00000000e2e00000)
  eden space 111744K,   0% used [0x00000000d9800000, 0x00000000d9800000, 0x00000000e0520000)
  from space 13952K,  99% used [0x00000000e0520000, 0x00000000e12bfff8, 0x00000000e12c0000)
  to   space 13952K,   0% used [0x00000000e12c0000, 0x00000000e12c0000, 0x00000000e2060000)
 tenured generation   total 279164K, used 219900K [0x00000000e2e00000, 0x00000000f3e9f000, 0x00000000f5a00000)
   the space 279164K,  78% used [0x00000000e2e00000, 0x00000000f04bf048, 0x00000000f04bf200, 0x00000000f3e9f000)
 compacting perm gen  total 61184K, used 61007K [0x00000000f5a00000, 0x00000000f95c0000, 0x0000000100000000)
   the space 61184K,  99% used [0x00000000f5a00000, 0x00000000f9593f00, 0x00000000f9594000, 0x00000000f95c0000)
No shared spaces configured.
}

