# JRE version: OpenJDK Runtime Environment (7.0_65-b32) (build 1.7.0_65-b32)
# Java VM: OpenJDK 64-Bit Server VM (24.65-b04 mixed mode linux-amd64 compressed oops)
Heap
 def new generation   total 90624K, used 0K [0x00000000d9800000, 0x00000000dfa50000, 0x00000000e2e00000)
  eden space 80576K,   0% used [0x00000000d9800000, 0x00000000d9800000, 0x00000000de6b0000)
  from space 10048K,   0% used [0x00000000de6b0000, 0x00000000de6b0000, 0x00000000df080000)
  to   space 10048K,   0% used [0x00000000df080000, 0x00000000df080000, 0x00000000dfa50000)
 tenured generation   total 201212K, used 177461K [0x00000000e2e00000, 0x00000000ef27f000, 0x00000000f5a00000)
   the space 201212K,  88% used [0x00000000e2e00000, 0x00000000edb4d550, 0x00000000edb4d600, 0x00000000ef27f000)
 compacting perm gen  total 59328K, used 59326K [0x00000000f5a00000, 0x00000000f93f0000, 0x0000000100000000)
   the space 59328K,  99% used [0x00000000f5a00000, 0x00000000f93efb40, 0x00000000f93efc00, 0x00000000f93f0000)
GC Heap History (10 events):
Event: 12.069 GC heap after
Heap after GC invocations=36 (full 6):
 def new generation   total 51264K, used 5632K [0x00000000d9800000, 0x00000000dcf90000, 0x00000000e2e00000)
  eden space 45632K,   0% used [0x00000000d9800000, 0x00000000d9800000, 0x00000000dc490000)
  from space 5632K, 100% used [0x00000000dc490000, 0x00000000dca10000, 0x00000000dca10000)
  to   space 5632K,   0% used [0x00000000dca10000, 0x00000000dca10000, 0x00000000dcf90000)
 tenured generation   total 113724K, used 89425K [0x00000000e2e00000, 0x00000000e9d0f000, 0x00000000f5a00000)
   the space 113724K,  78% used [0x00000000e2e00000, 0x00000000e8554580, 0x00000000e8554600, 0x00000000e9d0f000)
 compacting perm gen  total 51008K, used 50876K [0x00000000f5a00000, 0x00000000f8bd0000, 0x0000000100000000)
   the space 51008K,  99% used [0x00000000f5a00000, 0x00000000f8baf398, 0x00000000f8baf400, 0x00000000f8bd0000)
No shared spaces configured.
}
Event: 12.424 GC heap before
{Heap before GC invocations=36 (full 6):
 def new generation   total 51264K, used 51264K [0x00000000d9800000, 0x00000000dcf90000, 0x00000000e2e00000)
  eden space 45632K, 100% used [0x00000000d9800000, 0x00000000dc490000, 0x00000000dc490000)
  from space 5632K, 100% used [0x00000000dc490000, 0x00000000dca10000, 0x00000000dca10000)
  to   space 5632K,   0% used [0x00000000dca10000, 0x00000000dca10000, 0x00000000dcf90000)
 tenured generation   total 113724K, used 89425K [0x00000000e2e00000, 0x00000000e9d0f000, 0x00000000f5a00000)
   the space 113724K,  78% used [0x00000000e2e00000, 0x00000000e8554580, 0x00000000e8554600, 0x00000000e9d0f000)
 compacting perm gen  total 52288K, used 52147K [0x00000000f5a00000, 0x00000000f8d10000, 0x0000000100000000)
   the space 52288K,  99% used [0x00000000f5a00000, 0x00000000f8cecec0, 0x00000000f8ced000, 0x00000000f8d10000)
No shared spaces configured.
Event: 12.504 GC heap after
Heap after GC invocations=37 (full 6):
 def new generation   total 51264K, used 5632K [0x00000000d9800000, 0x00000000dcf90000, 0x00000000e2e00000)
  eden space 45632K,   0% used [0x00000000d9800000, 0x00000000d9800000, 0x00000000dc490000)
  from space 5632K, 100% used [0x00000000dca10000, 0x00000000dcf90000, 0x00000000dcf90000)
  to   space 5632K,   0% used [0x00000000dc490000, 0x00000000dc490000, 0x00000000dca10000)
 tenured generation   total 113724K, used 107812K [0x00000000e2e00000, 0x00000000e9d0f000, 0x00000000f5a00000)
   the space 113724K,  94% used [0x00000000e2e00000, 0x00000000e9749070, 0x00000000e9749200, 0x00000000e9d0f000)
 compacting perm gen  total 52288K, used 52147K [0x00000000f5a00000, 0x00000000f8d10000, 0x0000000100000000)
   the space 52288K,  99% used [0x00000000f5a00000, 0x00000000f8cecec0, 0x00000000f8ced000, 0x00000000f8d10000)
No shared spaces configured.
}
Event: 12.909 GC heap before
{Heap before GC invocations=37 (full 6):
 def new generation   total 51264K, used 51264K [0x00000000d9800000, 0x00000000dcf90000, 0x00000000e2e00000)
  eden space 45632K, 100% used [0x00000000d9800000, 0x00000000dc490000, 0x00000000dc490000)
  from space 5632K, 100% used [0x00000000dca10000, 0x00000000dcf90000, 0x00000000dcf90000)
  to   space 5632K,   0% used [0x00000000dc490000, 0x00000000dc490000, 0x00000000dca10000)
 tenured generation   total 113724K, used 107812K [0x00000000e2e00000, 0x00000000e9d0f000, 0x00000000f5a00000)
   the space 113724K,  94% used [0x00000000e2e00000, 0x00000000e9749070, 0x00000000e9749200, 0x00000000e9d0f000)
 compacting perm gen  total 53888K, used 53577K [0x00000000f5a00000, 0x00000000f8ea0000, 0x0000000100000000)
   the space 53888K,  99% used [0x00000000f5a00000, 0x00000000f8e527d0, 0x00000000f8e52800, 0x00000000f8ea0000)
No shared spaces configured.
Event: 13.386 GC heap after
Heap after GC invocations=38 (full 7):
 def new generation   total 90624K, used 0K [0x00000000d9800000, 0x00000000dfa50000, 0x00000000e2e00000)
  eden space 80576K,   0% used [0x00000000d9800000, 0x00000000d9800000, 0x00000000de6b0000)
  from space 10048K,   0% used [0x00000000de6b0000, 0x00000000de6b0000, 0x00000000df080000)
  to   space 10048K,   0% used [0x00000000df080000, 0x00000000df080000, 0x00000000dfa50000)
 tenured generation   total 201212K, used 120726K [0x00000000e2e00000, 0x00000000ef27f000, 0x00000000f5a00000)
   the space 201212K,  59% used [0x00000000e2e00000, 0x00000000ea3e5810, 0x00000000ea3e5a00, 0x00000000ef27f000)
 compacting perm gen  total 53888K, used 53577K [0x00000000f5a00000, 0x00000000f8ea0000, 0x0000000100000000)
   the space 53888K,  99% used [0x00000000f5a00000, 0x00000000f8e527d0, 0x00000000f8e52800, 0x00000000f8ea0000)
No shared spaces configured.
}
Event: 14.075 GC heap before
{Heap before GC invocations=38 (full 7):
 def new generation   total 90624K, used 80576K [0x00000000d9800000, 0x00000000dfa50000, 0x00000000e2e00000)
  eden space 80576K, 100% used [0x00000000d9800000, 0x00000000de6b0000, 0x00000000de6b0000)
  from space 10048K,   0% used [0x00000000de6b0000, 0x00000000de6b0000, 0x00000000df080000)
  to   space 10048K,   0% used [0x00000000df080000, 0x00000000df080000, 0x00000000dfa50000)
 tenured generation   total 201212K, used 120726K [0x00000000e2e00000, 0x00000000ef27f000, 0x00000000f5a00000)
   the space 201212K,  59% used [0x00000000e2e00000, 0x00000000ea3e5810, 0x00000000ea3e5a00, 0x00000000ef27f000)
 compacting perm gen  total 56448K, used 56322K [0x00000000f5a00000, 0x00000000f9120000, 0x0000000100000000)
   the space 56448K,  99% used [0x00000000f5a00000, 0x00000000f91009e8, 0x00000000f9100a00, 0x00000000f9120000)
No shared spaces configured.
Event: 14.224 GC heap after
Heap after GC invocations=39 (full 7):
 def new generation   total 90624K, used 10047K [0x00000000d9800000, 0x00000000dfa50000, 0x00000000e2e00000)
  eden space 80576K,   0% used [0x00000000d9800000, 0x00000000d9800000, 0x00000000de6b0000)
  from space 10048K,  99% used [0x00000000df080000, 0x00000000dfa4fff8, 0x00000000dfa50000)
  to   space 10048K,   0% used [0x00000000de6b0000, 0x00000000de6b0000, 0x00000000df080000)
 tenured generation   total 201212K, used 141726K [0x00000000e2e00000, 0x00000000ef27f000, 0x00000000f5a00000)
   the space 201212K,  70% used [0x00000000e2e00000, 0x00000000eb867840, 0x00000000eb867a00, 0x00000000ef27f000)
 compacting perm gen  total 56448K, used 56322K [0x00000000f5a00000, 0x00000000f9120000, 0x0000000100000000)
   the space 56448K,  99% used [0x00000000f5a00000, 0x00000000f91009e8, 0x00000000f9100a00, 0x00000000f9120000)
No shared spaces configured.
}
Event: 15.097 GC heap before
{Heap before GC invocations=39 (full 7):
 def new generation   total 90624K, used 90623K [0x00000000d9800000, 0x00000000dfa50000, 0x00000000e2e00000)
  eden space 80576K, 100% used [0x00000000d9800000, 0x00000000de6b0000, 0x00000000de6b0000)
  from space 10048K,  99% used [0x00000000df080000, 0x00000000dfa4fff8, 0x00000000dfa50000)
  to   space 10048K,   0% used [0x00000000de6b0000, 0x00000000de6b0000, 0x00000000df080000)
 tenured generation   total 201212K, used 141726K [0x00000000e2e00000, 0x00000000ef27f000, 0x00000000f5a00000)
   the space 201212K,  70% used [0x00000000e2e00000, 0x00000000eb867840, 0x00000000eb867a00, 0x00000000ef27f000)
 compacting perm gen  total 58688K, used 58554K [0x00000000f5a00000, 0x00000000f9350000, 0x0000000100000000)
   the space 58688K,  99% used [0x00000000f5a00000, 0x00000000f932e9b0, 0x00000000f932ea00, 0x00000000f9350000)
No shared spaces configured.
Event: 15.281 GC heap after
Heap after GC invocations=40 (full 7):
 def new generation   total 90624K, used 10047K [0x00000000d9800000, 0x00000000dfa50000, 0x00000000e2e00000)
  eden space 80576K,   0% used [0x00000000d9800000, 0x00000000d9800000, 0x00000000de6b0000)
  from space 10048K,  99% used [0x00000000de6b0000, 0x00000000df07fff8, 0x00000000df080000)
  to   space 10048K,   0% used [0x00000000df080000, 0x00000000df080000, 0x00000000dfa50000)
 tenured generation   total 201212K, used 165349K [0x00000000e2e00000, 0x00000000ef27f000, 0x00000000f5a00000)
   the space 201212K,  82% used [0x00000000e2e00000, 0x00000000ecf79728, 0x00000000ecf79800, 0x00000000ef27f000)
 compacting perm gen  total 58688K, used 58554K [0x00000000f5a00000, 0x00000000f9350000, 0x0000000100000000)
   the space 58688K,  99% used [0x00000000f5a00000, 0x00000000f932e9b0, 0x00000000f932ea00, 0x00000000f9350000)
No shared spaces configured.
}
Event: 15.847 GC heap before
{Heap before GC invocations=40 (full 7):
 def new generation   total 90624K, used 64182K [0x00000000d9800000, 0x00000000dfa50000, 0x00000000e2e00000)
  eden space 80576K,  67% used [0x00000000d9800000, 0x00000000dccdd9b0, 0x00000000de6b0000)
  from space 10048K,  99% used [0x00000000de6b0000, 0x00000000df07fff8, 0x00000000df080000)
  to   space 10048K,   0% used [0x00000000df080000, 0x00000000df080000, 0x00000000dfa50000)
 tenured generation   total 201212K, used 165349K [0x00000000e2e00000, 0x00000000ef27f000, 0x00000000f5a00000)
   the space 201212K,  82% used [0x00000000e2e00000, 0x00000000ecf79728, 0x00000000ecf79800, 0x00000000ef27f000)
 compacting perm gen  total 59328K, used 59327K [0x00000000f5a00000, 0x00000000f93f0000, 0x0000000100000000)
   the space 59328K,  99% used [0x00000000f5a00000, 0x00000000f93efee0, 0x00000000f93f0000, 0x00000000f93f0000)
No shared spaces configured.

