# JRE version: OpenJDK Runtime Environment (7.0_65-b32) (build 1.7.0_65-b32)
# Java VM: OpenJDK 64-Bit Server VM (24.65-b04 mixed mode linux-amd64 compressed oops)
Heap
 def new generation   total 94528K, used 0K [0x00000000d9800000, 0x00000000dfe90000, 0x00000000e2e00000)
  eden space 84032K,   0% used [0x00000000d9800000, 0x00000000d9800000, 0x00000000dea10000)
  from space 10496K,   0% used [0x00000000dea10000, 0x00000000dea10000, 0x00000000df450000)
  to   space 10496K,   0% used [0x00000000df450000, 0x00000000df450000, 0x00000000dfe90000)
 tenured generation   total 229220K, used 215765K [0x00000000e2e00000, 0x00000000f0dd9000, 0x00000000f5a00000)
   the space 229220K,  94% used [0x00000000e2e00000, 0x00000000f00b54f0, 0x00000000f00b5600, 0x00000000f0dd9000)
 compacting perm gen  total 60672K, used 60431K [0x00000000f5a00000, 0x00000000f9540000, 0x0000000100000000)
   the space 60672K,  99% used [0x00000000f5a00000, 0x00000000f9503da0, 0x00000000f9503e00, 0x00000000f9540000)
GC Heap History (10 events):
Event: 13.036 GC heap after
Heap after GC invocations=39 (full 6):
 def new generation   total 57856K, used 6400K [0x00000000d9800000, 0x00000000dd6c0000, 0x00000000e2e00000)
  eden space 51456K,   0% used [0x00000000d9800000, 0x00000000d9800000, 0x00000000dca40000)
  from space 6400K, 100% used [0x00000000dd080000, 0x00000000dd6c0000, 0x00000000dd6c0000)
  to   space 6400K,   0% used [0x00000000dca40000, 0x00000000dca40000, 0x00000000dd080000)
 tenured generation   total 128368K, used 120954K [0x00000000e2e00000, 0x00000000eab5c000, 0x00000000f5a00000)
   the space 128368K,  94% used [0x00000000e2e00000, 0x00000000ea41e8c0, 0x00000000ea41ea00, 0x00000000eab5c000)
 compacting perm gen  total 55232K, used 54952K [0x00000000f5a00000, 0x00000000f8ff0000, 0x0000000100000000)
   the space 55232K,  99% used [0x00000000f5a00000, 0x00000000f8faa318, 0x00000000f8faa400, 0x00000000f8ff0000)
No shared spaces configured.
}
Event: 13.200 GC heap before
{Heap before GC invocations=39 (full 6):
 def new generation   total 57856K, used 26670K [0x00000000d9800000, 0x00000000dd6c0000, 0x00000000e2e00000)
  eden space 51456K,  39% used [0x00000000d9800000, 0x00000000dabcb8a0, 0x00000000dca40000)
  from space 6400K, 100% used [0x00000000dd080000, 0x00000000dd6c0000, 0x00000000dd6c0000)
  to   space 6400K,   0% used [0x00000000dca40000, 0x00000000dca40000, 0x00000000dd080000)
 tenured generation   total 128368K, used 120954K [0x00000000e2e00000, 0x00000000eab5c000, 0x00000000f5a00000)
   the space 128368K,  94% used [0x00000000e2e00000, 0x00000000ea41e8c0, 0x00000000ea41ea00, 0x00000000eab5c000)
 compacting perm gen  total 55552K, used 55552K [0x00000000f5a00000, 0x00000000f9040000, 0x0000000100000000)
   the space 55552K, 100% used [0x00000000f5a00000, 0x00000000f9040000, 0x00000000f9040000, 0x00000000f9040000)
No shared spaces configured.
Event: 13.625 GC heap after
Heap after GC invocations=40 (full 7):
 def new generation   total 94528K, used 0K [0x00000000d9800000, 0x00000000dfe90000, 0x00000000e2e00000)
  eden space 84032K,   0% used [0x00000000d9800000, 0x00000000d9800000, 0x00000000dea10000)
  from space 10496K,   0% used [0x00000000dea10000, 0x00000000dea10000, 0x00000000df450000)
  to   space 10496K,   0% used [0x00000000df450000, 0x00000000df450000, 0x00000000dfe90000)
 tenured generation   total 209928K, used 125956K [0x00000000e2e00000, 0x00000000efb02000, 0x00000000f5a00000)
   the space 209928K,  59% used [0x00000000e2e00000, 0x00000000ea901068, 0x00000000ea901200, 0x00000000efb02000)
 compacting perm gen  total 55552K, used 55552K [0x00000000f5a00000, 0x00000000f9040000, 0x0000000100000000)
   the space 55552K, 100% used [0x00000000f5a00000, 0x00000000f9040000, 0x00000000f9040000, 0x00000000f9040000)
No shared spaces configured.
}
Event: 14.440 GC heap before
{Heap before GC invocations=40 (full 7):
 def new generation   total 94528K, used 84032K [0x00000000d9800000, 0x00000000dfe90000, 0x00000000e2e00000)
  eden space 84032K, 100% used [0x00000000d9800000, 0x00000000dea10000, 0x00000000dea10000)
  from space 10496K,   0% used [0x00000000dea10000, 0x00000000dea10000, 0x00000000df450000)
  to   space 10496K,   0% used [0x00000000df450000, 0x00000000df450000, 0x00000000dfe90000)
 tenured generation   total 209928K, used 125956K [0x00000000e2e00000, 0x00000000efb02000, 0x00000000f5a00000)
   the space 209928K,  59% used [0x00000000e2e00000, 0x00000000ea901068, 0x00000000ea901200, 0x00000000efb02000)
 compacting perm gen  total 58432K, used 58248K [0x00000000f5a00000, 0x00000000f9310000, 0x0000000100000000)
   the space 58432K,  99% used [0x00000000f5a00000, 0x00000000f92e21a8, 0x00000000f92e2200, 0x00000000f9310000)
No shared spaces configured.
Event: 14.536 GC heap after
Heap after GC invocations=41 (full 7):
 def new generation   total 94528K, used 10496K [0x00000000d9800000, 0x00000000dfe90000, 0x00000000e2e00000)
  eden space 84032K,   0% used [0x00000000d9800000, 0x00000000d9800000, 0x00000000dea10000)
  from space 10496K, 100% used [0x00000000df450000, 0x00000000dfe90000, 0x00000000dfe90000)
  to   space 10496K,   0% used [0x00000000dea10000, 0x00000000dea10000, 0x00000000df450000)
 tenured generation   total 209928K, used 147284K [0x00000000e2e00000, 0x00000000efb02000, 0x00000000f5a00000)
   the space 209928K,  70% used [0x00000000e2e00000, 0x00000000ebdd5398, 0x00000000ebdd5400, 0x00000000efb02000)
 compacting perm gen  total 58432K, used 58248K [0x00000000f5a00000, 0x00000000f9310000, 0x0000000100000000)
   the space 58432K,  99% used [0x00000000f5a00000, 0x00000000f92e21a8, 0x00000000f92e2200, 0x00000000f9310000)
No shared spaces configured.
}
Event: 15.431 GC heap before
{Heap before GC invocations=41 (full 7):
 def new generation   total 94528K, used 94528K [0x00000000d9800000, 0x00000000dfe90000, 0x00000000e2e00000)
  eden space 84032K, 100% used [0x00000000d9800000, 0x00000000dea10000, 0x00000000dea10000)
  from space 10496K, 100% used [0x00000000df450000, 0x00000000dfe90000, 0x00000000dfe90000)
  to   space 10496K,   0% used [0x00000000dea10000, 0x00000000dea10000, 0x00000000df450000)
 tenured generation   total 209928K, used 147284K [0x00000000e2e00000, 0x00000000efb02000, 0x00000000f5a00000)
   the space 209928K,  70% used [0x00000000e2e00000, 0x00000000ebdd5398, 0x00000000ebdd5400, 0x00000000efb02000)
 compacting perm gen  total 59712K, used 59479K [0x00000000f5a00000, 0x00000000f9450000, 0x0000000100000000)
   the space 59712K,  99% used [0x00000000f5a00000, 0x00000000f9415c20, 0x00000000f9415e00, 0x00000000f9450000)
No shared spaces configured.
Event: 15.580 GC heap after
Heap after GC invocations=42 (full 7):
 def new generation   total 94528K, used 10496K [0x00000000d9800000, 0x00000000dfe90000, 0x00000000e2e00000)
  eden space 84032K,   0% used [0x00000000d9800000, 0x00000000d9800000, 0x00000000dea10000)
  from space 10496K, 100% used [0x00000000dea10000, 0x00000000df450000, 0x00000000df450000)
  to   space 10496K,   0% used [0x00000000df450000, 0x00000000df450000, 0x00000000dfe90000)
 tenured generation   total 209928K, used 172296K [0x00000000e2e00000, 0x00000000efb02000, 0x00000000f5a00000)
   the space 209928K,  82% used [0x00000000e2e00000, 0x00000000ed642110, 0x00000000ed642200, 0x00000000efb02000)
 compacting perm gen  total 59712K, used 59479K [0x00000000f5a00000, 0x00000000f9450000, 0x0000000100000000)
   the space 59712K,  99% used [0x00000000f5a00000, 0x00000000f9415c20, 0x00000000f9415e00, 0x00000000f9450000)
No shared spaces configured.
}
Event: 16.717 GC heap before
{Heap before GC invocations=42 (full 7):
 def new generation   total 94528K, used 94528K [0x00000000d9800000, 0x00000000dfe90000, 0x00000000e2e00000)
  eden space 84032K, 100% used [0x00000000d9800000, 0x00000000dea10000, 0x00000000dea10000)
  from space 10496K, 100% used [0x00000000dea10000, 0x00000000df450000, 0x00000000df450000)
  to   space 10496K,   0% used [0x00000000df450000, 0x00000000df450000, 0x00000000dfe90000)
 tenured generation   total 209928K, used 172296K [0x00000000e2e00000, 0x00000000efb02000, 0x00000000f5a00000)
   the space 209928K,  82% used [0x00000000e2e00000, 0x00000000ed642110, 0x00000000ed642200, 0x00000000efb02000)
 compacting perm gen  total 60032K, used 59744K [0x00000000f5a00000, 0x00000000f94a0000, 0x0000000100000000)
   the space 60032K,  99% used [0x00000000f5a00000, 0x00000000f9458028, 0x00000000f9458200, 0x00000000f94a0000)
No shared spaces configured.
Event: 16.912 GC heap after
Heap after GC invocations=43 (full 7):
 def new generation   total 94528K, used 10496K [0x00000000d9800000, 0x00000000dfe90000, 0x00000000e2e00000)
  eden space 84032K,   0% used [0x00000000d9800000, 0x00000000d9800000, 0x00000000dea10000)
  from space 10496K, 100% used [0x00000000df450000, 0x00000000dfe90000, 0x00000000dfe90000)
  to   space 10496K,   0% used [0x00000000dea10000, 0x00000000dea10000, 0x00000000df450000)
 tenured generation   total 209928K, used 197152K [0x00000000e2e00000, 0x00000000efb02000, 0x00000000f5a00000)
   the space 209928K,  93% used [0x00000000e2e00000, 0x00000000eee881f8, 0x00000000eee88200, 0x00000000efb02000)
 compacting perm gen  total 60032K, used 59744K [0x00000000f5a00000, 0x00000000f94a0000, 0x0000000100000000)
   the space 60032K,  99% used [0x00000000f5a00000, 0x00000000f9458028, 0x00000000f9458200, 0x00000000f94a0000)
No shared spaces configured.
}
Event: 17.889 GC heap before
{Heap before GC invocations=43 (full 7):
 def new generation   total 94528K, used 94528K [0x00000000d9800000, 0x00000000dfe90000, 0x00000000e2e00000)
  eden space 84032K, 100% used [0x00000000d9800000, 0x00000000dea10000, 0x00000000dea10000)
  from space 10496K, 100% used [0x00000000df450000, 0x00000000dfe90000, 0x00000000dfe90000)
  to   space 10496K,   0% used [0x00000000dea10000, 0x00000000dea10000, 0x00000000df450000)
 tenured generation   total 209928K, used 197152K [0x00000000e2e00000, 0x00000000efb02000, 0x00000000f5a00000)
   the space 209928K,  93% used [0x00000000e2e00000, 0x00000000eee881f8, 0x00000000eee88200, 0x00000000efb02000)
 compacting perm gen  total 60672K, used 60433K [0x00000000f5a00000, 0x00000000f9540000, 0x0000000100000000)
   the space 60672K,  99% used [0x00000000f5a00000, 0x00000000f9504488, 0x00000000f9504600, 0x00000000f9540000)
No shared spaces configured.

