# JRE version: OpenJDK Runtime Environment (7.0_65-b32) (build 1.7.0_65-b32)
# Java VM: OpenJDK 64-Bit Server VM (24.65-b04 mixed mode linux-amd64 compressed oops)
Heap
 def new generation   total 87680K, used 0K [0x00000000d9800000, 0x00000000df720000, 0x00000000e2e00000)
  eden space 77952K,   0% used [0x00000000d9800000, 0x00000000d9800000, 0x00000000de420000)
  from space 9728K,   0% used [0x00000000deda0000, 0x00000000deda0000, 0x00000000df720000)
  to   space 9728K,   0% used [0x00000000de420000, 0x00000000de420000, 0x00000000deda0000)
 tenured generation   total 194760K, used 193380K [0x00000000e2e00000, 0x00000000eec32000, 0x00000000f5a00000)
   the space 194760K,  99% used [0x00000000e2e00000, 0x00000000eead9028, 0x00000000eead9200, 0x00000000eec32000)
 compacting perm gen  total 60160K, used 60158K [0x00000000f5a00000, 0x00000000f94c0000, 0x0000000100000000)
   the space 60160K,  99% used [0x00000000f5a00000, 0x00000000f94bf9f0, 0x00000000f94bfa00, 0x00000000f94c0000)
GC Heap History (10 events):
Event: 12.492 GC heap after
Heap after GC invocations=38 (full 6):
 def new generation   total 52672K, used 5823K [0x00000000d9800000, 0x00000000dd120000, 0x00000000e2e00000)
  eden space 46848K,   0% used [0x00000000d9800000, 0x00000000d9800000, 0x00000000dc5c0000)
  from space 5824K,  99% used [0x00000000dcb70000, 0x00000000dd11fff8, 0x00000000dd120000)
  to   space 5824K,   0% used [0x00000000dc5c0000, 0x00000000dc5c0000, 0x00000000dcb70000)
 tenured generation   total 116856K, used 109345K [0x00000000e2e00000, 0x00000000ea01e000, 0x00000000f5a00000)
   the space 116856K,  93% used [0x00000000e2e00000, 0x00000000e98c8698, 0x00000000e98c8800, 0x00000000ea01e000)
 compacting perm gen  total 53440K, used 53385K [0x00000000f5a00000, 0x00000000f8e30000, 0x0000000100000000)
   the space 53440K,  99% used [0x00000000f5a00000, 0x00000000f8e22590, 0x00000000f8e22600, 0x00000000f8e30000)
No shared spaces configured.
}
Event: 12.830 GC heap before
{Heap before GC invocations=38 (full 6):
 def new generation   total 52672K, used 41157K [0x00000000d9800000, 0x00000000dd120000, 0x00000000e2e00000)
  eden space 46848K,  75% used [0x00000000d9800000, 0x00000000dba81548, 0x00000000dc5c0000)
  from space 5824K,  99% used [0x00000000dcb70000, 0x00000000dd11fff8, 0x00000000dd120000)
  to   space 5824K,   0% used [0x00000000dc5c0000, 0x00000000dc5c0000, 0x00000000dcb70000)
 tenured generation   total 116856K, used 109345K [0x00000000e2e00000, 0x00000000ea01e000, 0x00000000f5a00000)
   the space 116856K,  93% used [0x00000000e2e00000, 0x00000000e98c8698, 0x00000000e98c8800, 0x00000000ea01e000)
 compacting perm gen  total 54720K, used 54719K [0x00000000f5a00000, 0x00000000f8f70000, 0x0000000100000000)
   the space 54720K,  99% used [0x00000000f5a00000, 0x00000000f8f6ffa0, 0x00000000f8f70000, 0x00000000f8f70000)
No shared spaces configured.
Event: 13.270 GC heap after
Heap after GC invocations=39 (full 7):
 def new generation   total 87680K, used 2448K [0x00000000d9800000, 0x00000000df720000, 0x00000000e2e00000)
  eden space 77952K,   3% used [0x00000000d9800000, 0x00000000d9a641f8, 0x00000000de420000)
  from space 9728K,   0% used [0x00000000de420000, 0x00000000de420000, 0x00000000deda0000)
  to   space 9728K,   0% used [0x00000000deda0000, 0x00000000deda0000, 0x00000000df720000)
 tenured generation   total 194760K, used 116855K [0x00000000e2e00000, 0x00000000eec32000, 0x00000000f5a00000)
   the space 194760K,  59% used [0x00000000e2e00000, 0x00000000ea01dff0, 0x00000000ea01e000, 0x00000000eec32000)
 compacting perm gen  total 54720K, used 54719K [0x00000000f5a00000, 0x00000000f8f70000, 0x0000000100000000)
   the space 54720K,  99% used [0x00000000f5a00000, 0x00000000f8f6ffa0, 0x00000000f8f70000, 0x00000000f8f70000)
No shared spaces configured.
}
Event: 14.218 GC heap before
{Heap before GC invocations=39 (full 7):
 def new generation   total 87680K, used 77952K [0x00000000d9800000, 0x00000000df720000, 0x00000000e2e00000)
  eden space 77952K, 100% used [0x00000000d9800000, 0x00000000de420000, 0x00000000de420000)
  from space 9728K,   0% used [0x00000000de420000, 0x00000000de420000, 0x00000000deda0000)
  to   space 9728K,   0% used [0x00000000deda0000, 0x00000000deda0000, 0x00000000df720000)
 tenured generation   total 194760K, used 116855K [0x00000000e2e00000, 0x00000000eec32000, 0x00000000f5a00000)
   the space 194760K,  59% used [0x00000000e2e00000, 0x00000000ea01dff0, 0x00000000ea01e000, 0x00000000eec32000)
 compacting perm gen  total 57600K, used 57409K [0x00000000f5a00000, 0x00000000f9240000, 0x0000000100000000)
   the space 57600K,  99% used [0x00000000f5a00000, 0x00000000f92104c8, 0x00000000f9210600, 0x00000000f9240000)
No shared spaces configured.
Event: 14.400 GC heap after
Heap after GC invocations=40 (full 7):
 def new generation   total 87680K, used 9728K [0x00000000d9800000, 0x00000000df720000, 0x00000000e2e00000)
  eden space 77952K,   0% used [0x00000000d9800000, 0x00000000d9800000, 0x00000000de420000)
  from space 9728K, 100% used [0x00000000deda0000, 0x00000000df720000, 0x00000000df720000)
  to   space 9728K,   0% used [0x00000000de420000, 0x00000000de420000, 0x00000000deda0000)
 tenured generation   total 194760K, used 131213K [0x00000000e2e00000, 0x00000000eec32000, 0x00000000f5a00000)
   the space 194760K,  67% used [0x00000000e2e00000, 0x00000000eae236f0, 0x00000000eae23800, 0x00000000eec32000)
 compacting perm gen  total 57600K, used 57409K [0x00000000f5a00000, 0x00000000f9240000, 0x0000000100000000)
   the space 57600K,  99% used [0x00000000f5a00000, 0x00000000f92104c8, 0x00000000f9210600, 0x00000000f9240000)
No shared spaces configured.
}
Event: 15.073 GC heap before
{Heap before GC invocations=40 (full 7):
 def new generation   total 87680K, used 87680K [0x00000000d9800000, 0x00000000df720000, 0x00000000e2e00000)
  eden space 77952K, 100% used [0x00000000d9800000, 0x00000000de420000, 0x00000000de420000)
  from space 9728K, 100% used [0x00000000deda0000, 0x00000000df720000, 0x00000000df720000)
  to   space 9728K,   0% used [0x00000000de420000, 0x00000000de420000, 0x00000000deda0000)
 tenured generation   total 194760K, used 131213K [0x00000000e2e00000, 0x00000000eec32000, 0x00000000f5a00000)
   the space 194760K,  67% used [0x00000000e2e00000, 0x00000000eae236f0, 0x00000000eae23800, 0x00000000eec32000)
 compacting perm gen  total 59200K, used 58904K [0x00000000f5a00000, 0x00000000f93d0000, 0x0000000100000000)
   the space 59200K,  99% used [0x00000000f5a00000, 0x00000000f9386148, 0x00000000f9386200, 0x00000000f93d0000)
No shared spaces configured.
Event: 15.189 GC heap after
Heap after GC invocations=41 (full 7):
 def new generation   total 87680K, used 9728K [0x00000000d9800000, 0x00000000df720000, 0x00000000e2e00000)
  eden space 77952K,   0% used [0x00000000d9800000, 0x00000000d9800000, 0x00000000de420000)
  from space 9728K, 100% used [0x00000000de420000, 0x00000000deda0000, 0x00000000deda0000)
  to   space 9728K,   0% used [0x00000000deda0000, 0x00000000deda0000, 0x00000000df720000)
 tenured generation   total 194760K, used 161733K [0x00000000e2e00000, 0x00000000eec32000, 0x00000000f5a00000)
   the space 194760K,  83% used [0x00000000e2e00000, 0x00000000ecbf1600, 0x00000000ecbf1600, 0x00000000eec32000)
 compacting perm gen  total 59200K, used 58904K [0x00000000f5a00000, 0x00000000f93d0000, 0x0000000100000000)
   the space 59200K,  99% used [0x00000000f5a00000, 0x00000000f9386148, 0x00000000f9386200, 0x00000000f93d0000)
No shared spaces configured.
}
Event: 16.058 GC heap before
{Heap before GC invocations=41 (full 7):
 def new generation   total 87680K, used 87680K [0x00000000d9800000, 0x00000000df720000, 0x00000000e2e00000)
  eden space 77952K, 100% used [0x00000000d9800000, 0x00000000de420000, 0x00000000de420000)
  from space 9728K, 100% used [0x00000000de420000, 0x00000000deda0000, 0x00000000deda0000)
  to   space 9728K,   0% used [0x00000000deda0000, 0x00000000deda0000, 0x00000000df720000)
 tenured generation   total 194760K, used 161733K [0x00000000e2e00000, 0x00000000eec32000, 0x00000000f5a00000)
   the space 194760K,  83% used [0x00000000e2e00000, 0x00000000ecbf1600, 0x00000000ecbf1600, 0x00000000eec32000)
 compacting perm gen  total 59840K, used 59677K [0x00000000f5a00000, 0x00000000f9470000, 0x0000000100000000)
   the space 59840K,  99% used [0x00000000f5a00000, 0x00000000f9447750, 0x00000000f9447800, 0x00000000f9470000)
No shared spaces configured.
Event: 16.168 GC heap after
Heap after GC invocations=42 (full 7):
 def new generation   total 87680K, used 9728K [0x00000000d9800000, 0x00000000df720000, 0x00000000e2e00000)
  eden space 77952K,   0% used [0x00000000d9800000, 0x00000000d9800000, 0x00000000de420000)
  from space 9728K, 100% used [0x00000000deda0000, 0x00000000df720000, 0x00000000df720000)
  to   space 9728K,   0% used [0x00000000de420000, 0x00000000de420000, 0x00000000deda0000)
 tenured generation   total 194760K, used 184981K [0x00000000e2e00000, 0x00000000eec32000, 0x00000000f5a00000)
   the space 194760K,  94% used [0x00000000e2e00000, 0x00000000ee2a56a0, 0x00000000ee2a5800, 0x00000000eec32000)
 compacting perm gen  total 59840K, used 59677K [0x00000000f5a00000, 0x00000000f9470000, 0x0000000100000000)
   the space 59840K,  99% used [0x00000000f5a00000, 0x00000000f9447750, 0x00000000f9447800, 0x00000000f9470000)
No shared spaces configured.
}
Event: 16.894 GC heap before
{Heap before GC invocations=42 (full 7):
 def new generation   total 87680K, used 59016K [0x00000000d9800000, 0x00000000df720000, 0x00000000e2e00000)
  eden space 77952K,  63% used [0x00000000d9800000, 0x00000000dc822390, 0x00000000de420000)
  from space 9728K, 100% used [0x00000000deda0000, 0x00000000df720000, 0x00000000df720000)
  to   space 9728K,   0% used [0x00000000de420000, 0x00000000de420000, 0x00000000deda0000)
 tenured generation   total 194760K, used 184981K [0x00000000e2e00000, 0x00000000eec32000, 0x00000000f5a00000)
   the space 194760K,  94% used [0x00000000e2e00000, 0x00000000ee2a56a0, 0x00000000ee2a5800, 0x00000000eec32000)
 compacting perm gen  total 60160K, used 60159K [0x00000000f5a00000, 0x00000000f94c0000, 0x0000000100000000)
   the space 60160K,  99% used [0x00000000f5a00000, 0x00000000f94bff78, 0x00000000f94c0000, 0x00000000f94c0000)
No shared spaces configured.

