# JRE version: OpenJDK Runtime Environment (7.0_65-b32) (build 1.7.0_65-b32)
# Java VM: OpenJDK 64-Bit Server VM (24.65-b04 mixed mode linux-amd64 compressed oops)
Heap
 def new generation   total 90240K, used 0K [0x00000000d9800000, 0x00000000df9e0000, 0x00000000e2e00000)
  eden space 80256K,   0% used [0x00000000d9800000, 0x00000000d9800000, 0x00000000de660000)
  from space 9984K,   0% used [0x00000000df020000, 0x00000000df020000, 0x00000000df9e0000)
  to   space 9984K,   0% used [0x00000000de660000, 0x00000000de660000, 0x00000000df020000)
 tenured generation   total 200368K, used 196347K [0x00000000e2e00000, 0x00000000ef1ac000, 0x00000000f5a00000)
   the space 200368K,  97% used [0x00000000e2e00000, 0x00000000eedbefa8, 0x00000000eedbf000, 0x00000000ef1ac000)
 compacting perm gen  total 60096K, used 60094K [0x00000000f5a00000, 0x00000000f94b0000, 0x0000000100000000)
   the space 60096K,  99% used [0x00000000f5a00000, 0x00000000f94afa08, 0x00000000f94afc00, 0x00000000f94b0000)
GC Heap History (10 events):
Event: 12.472 GC heap after
Heap after GC invocations=38 (full 6):
 def new generation   total 51264K, used 5632K [0x00000000d9800000, 0x00000000dcf90000, 0x00000000e2e00000)
  eden space 45632K,   0% used [0x00000000d9800000, 0x00000000d9800000, 0x00000000dc490000)
  from space 5632K, 100% used [0x00000000dca10000, 0x00000000dcf90000, 0x00000000dcf90000)
  to   space 5632K,   0% used [0x00000000dc490000, 0x00000000dc490000, 0x00000000dca10000)
 tenured generation   total 113648K, used 107194K [0x00000000e2e00000, 0x00000000e9cfc000, 0x00000000f5a00000)
   the space 113648K,  94% used [0x00000000e2e00000, 0x00000000e96aeab0, 0x00000000e96aec00, 0x00000000e9cfc000)
 compacting perm gen  total 53056K, used 52890K [0x00000000f5a00000, 0x00000000f8dd0000, 0x0000000100000000)
   the space 53056K,  99% used [0x00000000f5a00000, 0x00000000f8da68f8, 0x00000000f8da6a00, 0x00000000f8dd0000)
No shared spaces configured.
}
Event: 12.868 GC heap before
{Heap before GC invocations=38 (full 6):
 def new generation   total 51264K, used 51264K [0x00000000d9800000, 0x00000000dcf90000, 0x00000000e2e00000)
  eden space 45632K, 100% used [0x00000000d9800000, 0x00000000dc490000, 0x00000000dc490000)
  from space 5632K, 100% used [0x00000000dca10000, 0x00000000dcf90000, 0x00000000dcf90000)
  to   space 5632K,   0% used [0x00000000dc490000, 0x00000000dc490000, 0x00000000dca10000)
 tenured generation   total 113648K, used 107194K [0x00000000e2e00000, 0x00000000e9cfc000, 0x00000000f5a00000)
   the space 113648K,  94% used [0x00000000e2e00000, 0x00000000e96aeab0, 0x00000000e96aec00, 0x00000000e9cfc000)
 compacting perm gen  total 54656K, used 54614K [0x00000000f5a00000, 0x00000000f8f60000, 0x0000000100000000)
   the space 54656K,  99% used [0x00000000f5a00000, 0x00000000f8f55998, 0x00000000f8f55a00, 0x00000000f8f60000)
No shared spaces configured.
Event: 13.300 GC heap after
Heap after GC invocations=39 (full 7):
 def new generation   total 90240K, used 0K [0x00000000d9800000, 0x00000000df9e0000, 0x00000000e2e00000)
  eden space 80256K,   0% used [0x00000000d9800000, 0x00000000d9800000, 0x00000000de660000)
  from space 9984K,   0% used [0x00000000de660000, 0x00000000de660000, 0x00000000df020000)
  to   space 9984K,   0% used [0x00000000df020000, 0x00000000df020000, 0x00000000df9e0000)
 tenured generation   total 200368K, used 120219K [0x00000000e2e00000, 0x00000000ef1ac000, 0x00000000f5a00000)
   the space 200368K,  59% used [0x00000000e2e00000, 0x00000000ea366d78, 0x00000000ea366e00, 0x00000000ef1ac000)
 compacting perm gen  total 54656K, used 54614K [0x00000000f5a00000, 0x00000000f8f60000, 0x0000000100000000)
   the space 54656K,  99% used [0x00000000f5a00000, 0x00000000f8f55998, 0x00000000f8f55a00, 0x00000000f8f60000)
No shared spaces configured.
}
Event: 14.045 GC heap before
{Heap before GC invocations=39 (full 7):
 def new generation   total 90240K, used 71910K [0x00000000d9800000, 0x00000000df9e0000, 0x00000000e2e00000)
  eden space 80256K,  89% used [0x00000000d9800000, 0x00000000dde39a00, 0x00000000de660000)
  from space 9984K,   0% used [0x00000000de660000, 0x00000000de660000, 0x00000000df020000)
  to   space 9984K,   0% used [0x00000000df020000, 0x00000000df020000, 0x00000000df9e0000)
 tenured generation   total 200368K, used 120219K [0x00000000e2e00000, 0x00000000ef1ac000, 0x00000000f5a00000)
   the space 200368K,  59% used [0x00000000e2e00000, 0x00000000ea366d78, 0x00000000ea366e00, 0x00000000ef1ac000)
 compacting perm gen  total 57216K, used 57117K [0x00000000f5a00000, 0x00000000f91e0000, 0x0000000100000000)
   the space 57216K,  99% used [0x00000000f5a00000, 0x00000000f91c75e8, 0x00000000f91c7600, 0x00000000f91e0000)
No shared spaces configured.
Event: 14.145 GC heap after
Heap after GC invocations=40 (full 7):
 def new generation   total 90240K, used 9984K [0x00000000d9800000, 0x00000000df9e0000, 0x00000000e2e00000)
  eden space 80256K,   0% used [0x00000000d9800000, 0x00000000d9800000, 0x00000000de660000)
  from space 9984K, 100% used [0x00000000df020000, 0x00000000df9e0000, 0x00000000df9e0000)
  to   space 9984K,   0% used [0x00000000de660000, 0x00000000de660000, 0x00000000df020000)
 tenured generation   total 200368K, used 130576K [0x00000000e2e00000, 0x00000000ef1ac000, 0x00000000f5a00000)
   the space 200368K,  65% used [0x00000000e2e00000, 0x00000000ead84380, 0x00000000ead84400, 0x00000000ef1ac000)
 compacting perm gen  total 57216K, used 57117K [0x00000000f5a00000, 0x00000000f91e0000, 0x0000000100000000)
   the space 57216K,  99% used [0x00000000f5a00000, 0x00000000f91c75e8, 0x00000000f91c7600, 0x00000000f91e0000)
No shared spaces configured.
}
Event: 14.800 GC heap before
{Heap before GC invocations=40 (full 7):
 def new generation   total 90240K, used 90240K [0x00000000d9800000, 0x00000000df9e0000, 0x00000000e2e00000)
  eden space 80256K, 100% used [0x00000000d9800000, 0x00000000de660000, 0x00000000de660000)
  from space 9984K, 100% used [0x00000000df020000, 0x00000000df9e0000, 0x00000000df9e0000)
  to   space 9984K,   0% used [0x00000000de660000, 0x00000000de660000, 0x00000000df020000)
 tenured generation   total 200368K, used 130576K [0x00000000e2e00000, 0x00000000ef1ac000, 0x00000000f5a00000)
   the space 200368K,  65% used [0x00000000e2e00000, 0x00000000ead84380, 0x00000000ead84400, 0x00000000ef1ac000)
 compacting perm gen  total 59136K, used 58821K [0x00000000f5a00000, 0x00000000f93c0000, 0x0000000100000000)
   the space 59136K,  99% used [0x00000000f5a00000, 0x00000000f9371610, 0x00000000f9371800, 0x00000000f93c0000)
No shared spaces configured.
Event: 14.917 GC heap after
Heap after GC invocations=41 (full 7):
 def new generation   total 90240K, used 9984K [0x00000000d9800000, 0x00000000df9e0000, 0x00000000e2e00000)
  eden space 80256K,   0% used [0x00000000d9800000, 0x00000000d9800000, 0x00000000de660000)
  from space 9984K, 100% used [0x00000000de660000, 0x00000000df020000, 0x00000000df020000)
  to   space 9984K,   0% used [0x00000000df020000, 0x00000000df020000, 0x00000000df9e0000)
 tenured generation   total 200368K, used 162061K [0x00000000e2e00000, 0x00000000ef1ac000, 0x00000000f5a00000)
   the space 200368K,  80% used [0x00000000e2e00000, 0x00000000ecc437a8, 0x00000000ecc43800, 0x00000000ef1ac000)
 compacting perm gen  total 59136K, used 58821K [0x00000000f5a00000, 0x00000000f93c0000, 0x0000000100000000)
   the space 59136K,  99% used [0x00000000f5a00000, 0x00000000f9371610, 0x00000000f9371800, 0x00000000f93c0000)
No shared spaces configured.
}
Event: 15.832 GC heap before
{Heap before GC invocations=41 (full 7):
 def new generation   total 90240K, used 90240K [0x00000000d9800000, 0x00000000df9e0000, 0x00000000e2e00000)
  eden space 80256K, 100% used [0x00000000d9800000, 0x00000000de660000, 0x00000000de660000)
  from space 9984K, 100% used [0x00000000de660000, 0x00000000df020000, 0x00000000df020000)
  to   space 9984K,   0% used [0x00000000df020000, 0x00000000df020000, 0x00000000df9e0000)
 tenured generation   total 200368K, used 162061K [0x00000000e2e00000, 0x00000000ef1ac000, 0x00000000f5a00000)
   the space 200368K,  80% used [0x00000000e2e00000, 0x00000000ecc437a8, 0x00000000ecc43800, 0x00000000ef1ac000)
 compacting perm gen  total 59776K, used 59673K [0x00000000f5a00000, 0x00000000f9460000, 0x0000000100000000)
   the space 59776K,  99% used [0x00000000f5a00000, 0x00000000f9446528, 0x00000000f9446600, 0x00000000f9460000)
No shared spaces configured.
Event: 15.955 GC heap after
Heap after GC invocations=42 (full 7):
 def new generation   total 90240K, used 9984K [0x00000000d9800000, 0x00000000df9e0000, 0x00000000e2e00000)
  eden space 80256K,   0% used [0x00000000d9800000, 0x00000000d9800000, 0x00000000de660000)
  from space 9984K, 100% used [0x00000000df020000, 0x00000000df9e0000, 0x00000000df9e0000)
  to   space 9984K,   0% used [0x00000000de660000, 0x00000000de660000, 0x00000000df020000)
 tenured generation   total 200368K, used 185804K [0x00000000e2e00000, 0x00000000ef1ac000, 0x00000000f5a00000)
   the space 200368K,  92% used [0x00000000e2e00000, 0x00000000ee3731f8, 0x00000000ee373200, 0x00000000ef1ac000)
 compacting perm gen  total 59776K, used 59673K [0x00000000f5a00000, 0x00000000f9460000, 0x0000000100000000)
   the space 59776K,  99% used [0x00000000f5a00000, 0x00000000f9446528, 0x00000000f9446600, 0x00000000f9460000)
No shared spaces configured.
}
Event: 16.761 GC heap before
{Heap before GC invocations=42 (full 7):
 def new generation   total 90240K, used 65189K [0x00000000d9800000, 0x00000000df9e0000, 0x00000000e2e00000)
  eden space 80256K,  68% used [0x00000000d9800000, 0x00000000dcde9500, 0x00000000de660000)
  from space 9984K, 100% used [0x00000000df020000, 0x00000000df9e0000, 0x00000000df9e0000)
  to   space 9984K,   0% used [0x00000000de660000, 0x00000000de660000, 0x00000000df020000)
 tenured generation   total 200368K, used 185804K [0x00000000e2e00000, 0x00000000ef1ac000, 0x00000000f5a00000)
   the space 200368K,  92% used [0x00000000e2e00000, 0x00000000ee3731f8, 0x00000000ee373200, 0x00000000ef1ac000)
 compacting perm gen  total 60096K, used 60095K [0x00000000f5a00000, 0x00000000f94b0000, 0x0000000100000000)
   the space 60096K,  99% used [0x00000000f5a00000, 0x00000000f94aff90, 0x00000000f94b0000, 0x00000000f94b0000)
No shared spaces configured.

