# JRE version: OpenJDK Runtime Environment (7.0_65-b32) (build 1.7.0_65-b32)
# Java VM: OpenJDK 64-Bit Server VM (24.65-b04 mixed mode linux-amd64 compressed oops)
Heap
 def new generation   total 91520K, used 0K [0x00000000d9800000, 0x00000000dfb40000, 0x00000000e2e00000)
  eden space 81408K,   0% used [0x00000000d9800000, 0x00000000d9800000, 0x00000000de780000)
  from space 10112K,   0% used [0x00000000de780000, 0x00000000de780000, 0x00000000df160000)
  to   space 10112K,   0% used [0x00000000df160000, 0x00000000df160000, 0x00000000dfb40000)
 tenured generation   total 203212K, used 176061K [0x00000000e2e00000, 0x00000000ef473000, 0x00000000f5a00000)
   the space 203212K,  86% used [0x00000000e2e00000, 0x00000000ed9ef550, 0x00000000ed9ef600, 0x00000000ef473000)
 compacting perm gen  total 59264K, used 59263K [0x00000000f5a00000, 0x00000000f93e0000, 0x0000000100000000)
   the space 59264K,  99% used [0x00000000f5a00000, 0x00000000f93dfc88, 0x00000000f93dfe00, 0x00000000f93e0000)
GC Heap History (10 events):
Event: 12.380 GC heap after
Heap after GC invocations=37 (full 6):
 def new generation   total 52160K, used 5759K [0x00000000d9800000, 0x00000000dd090000, 0x00000000e2e00000)
  eden space 46400K,   0% used [0x00000000d9800000, 0x00000000d9800000, 0x00000000dc550000)
  from space 5760K,  99% used [0x00000000dc550000, 0x00000000dcaefff8, 0x00000000dcaf0000)
  to   space 5760K,   0% used [0x00000000dcaf0000, 0x00000000dcaf0000, 0x00000000dd090000)
 tenured generation   total 115776K, used 90112K [0x00000000e2e00000, 0x00000000e9f10000, 0x00000000f5a00000)
   the space 115776K,  77% used [0x00000000e2e00000, 0x00000000e8600320, 0x00000000e8600400, 0x00000000e9f10000)
 compacting perm gen  total 50944K, used 50825K [0x00000000f5a00000, 0x00000000f8bc0000, 0x0000000100000000)
   the space 50944K,  99% used [0x00000000f5a00000, 0x00000000f8ba2458, 0x00000000f8ba2600, 0x00000000f8bc0000)
No shared spaces configured.
}
Event: 12.730 GC heap before
{Heap before GC invocations=37 (full 6):
 def new generation   total 52160K, used 52159K [0x00000000d9800000, 0x00000000dd090000, 0x00000000e2e00000)
  eden space 46400K, 100% used [0x00000000d9800000, 0x00000000dc550000, 0x00000000dc550000)
  from space 5760K,  99% used [0x00000000dc550000, 0x00000000dcaefff8, 0x00000000dcaf0000)
  to   space 5760K,   0% used [0x00000000dcaf0000, 0x00000000dcaf0000, 0x00000000dd090000)
 tenured generation   total 115776K, used 90112K [0x00000000e2e00000, 0x00000000e9f10000, 0x00000000f5a00000)
   the space 115776K,  77% used [0x00000000e2e00000, 0x00000000e8600320, 0x00000000e8600400, 0x00000000e9f10000)
 compacting perm gen  total 52224K, used 52201K [0x00000000f5a00000, 0x00000000f8d00000, 0x0000000100000000)
   the space 52224K,  99% used [0x00000000f5a00000, 0x00000000f8cfa7c0, 0x00000000f8cfa800, 0x00000000f8d00000)
No shared spaces configured.
Event: 12.806 GC heap after
Heap after GC invocations=38 (full 6):
 def new generation   total 52160K, used 5760K [0x00000000d9800000, 0x00000000dd090000, 0x00000000e2e00000)
  eden space 46400K,   0% used [0x00000000d9800000, 0x00000000d9800000, 0x00000000dc550000)
  from space 5760K, 100% used [0x00000000dcaf0000, 0x00000000dd090000, 0x00000000dd090000)
  to   space 5760K,   0% used [0x00000000dc550000, 0x00000000dc550000, 0x00000000dcaf0000)
 tenured generation   total 115776K, used 108681K [0x00000000e2e00000, 0x00000000e9f10000, 0x00000000f5a00000)
   the space 115776K,  93% used [0x00000000e2e00000, 0x00000000e9822548, 0x00000000e9822600, 0x00000000e9f10000)
 compacting perm gen  total 52224K, used 52201K [0x00000000f5a00000, 0x00000000f8d00000, 0x0000000100000000)
   the space 52224K,  99% used [0x00000000f5a00000, 0x00000000f8cfa7c0, 0x00000000f8cfa800, 0x00000000f8d00000)
No shared spaces configured.
}
Event: 13.209 GC heap before
{Heap before GC invocations=38 (full 6):
 def new generation   total 52160K, used 52160K [0x00000000d9800000, 0x00000000dd090000, 0x00000000e2e00000)
  eden space 46400K, 100% used [0x00000000d9800000, 0x00000000dc550000, 0x00000000dc550000)
  from space 5760K, 100% used [0x00000000dcaf0000, 0x00000000dd090000, 0x00000000dd090000)
  to   space 5760K,   0% used [0x00000000dc550000, 0x00000000dc550000, 0x00000000dcaf0000)
 tenured generation   total 115776K, used 108681K [0x00000000e2e00000, 0x00000000e9f10000, 0x00000000f5a00000)
   the space 115776K,  93% used [0x00000000e2e00000, 0x00000000e9822548, 0x00000000e9822600, 0x00000000e9f10000)
 compacting perm gen  total 53824K, used 53649K [0x00000000f5a00000, 0x00000000f8e90000, 0x0000000100000000)
   the space 53824K,  99% used [0x00000000f5a00000, 0x00000000f8e647f0, 0x00000000f8e64800, 0x00000000f8e90000)
No shared spaces configured.
Event: 13.652 GC heap after
Heap after GC invocations=39 (full 7):
 def new generation   total 91520K, used 0K [0x00000000d9800000, 0x00000000dfb40000, 0x00000000e2e00000)
  eden space 81408K,   0% used [0x00000000d9800000, 0x00000000d9800000, 0x00000000de780000)
  from space 10112K,   0% used [0x00000000de780000, 0x00000000de780000, 0x00000000df160000)
  to   space 10112K,   0% used [0x00000000df160000, 0x00000000df160000, 0x00000000dfb40000)
 tenured generation   total 203212K, used 121925K [0x00000000e2e00000, 0x00000000ef473000, 0x00000000f5a00000)
   the space 203212K,  59% used [0x00000000e2e00000, 0x00000000ea511570, 0x00000000ea511600, 0x00000000ef473000)
 compacting perm gen  total 53824K, used 53649K [0x00000000f5a00000, 0x00000000f8e90000, 0x0000000100000000)
   the space 53824K,  99% used [0x00000000f5a00000, 0x00000000f8e647f0, 0x00000000f8e64800, 0x00000000f8e90000)
No shared spaces configured.
}
Event: 14.340 GC heap before
{Heap before GC invocations=39 (full 7):
 def new generation   total 91520K, used 81408K [0x00000000d9800000, 0x00000000dfb40000, 0x00000000e2e00000)
  eden space 81408K, 100% used [0x00000000d9800000, 0x00000000de780000, 0x00000000de780000)
  from space 10112K,   0% used [0x00000000de780000, 0x00000000de780000, 0x00000000df160000)
  to   space 10112K,   0% used [0x00000000df160000, 0x00000000df160000, 0x00000000dfb40000)
 tenured generation   total 203212K, used 121925K [0x00000000e2e00000, 0x00000000ef473000, 0x00000000f5a00000)
   the space 203212K,  59% used [0x00000000e2e00000, 0x00000000ea511570, 0x00000000ea511600, 0x00000000ef473000)
 compacting perm gen  total 56704K, used 56458K [0x00000000f5a00000, 0x00000000f9160000, 0x0000000100000000)
   the space 56704K,  99% used [0x00000000f5a00000, 0x00000000f91228b0, 0x00000000f9122a00, 0x00000000f9160000)
No shared spaces configured.
Event: 14.513 GC heap after
Heap after GC invocations=40 (full 7):
 def new generation   total 91520K, used 10112K [0x00000000d9800000, 0x00000000dfb40000, 0x00000000e2e00000)
  eden space 81408K,   0% used [0x00000000d9800000, 0x00000000d9800000, 0x00000000de780000)
  from space 10112K, 100% used [0x00000000df160000, 0x00000000dfb40000, 0x00000000dfb40000)
  to   space 10112K,   0% used [0x00000000de780000, 0x00000000de780000, 0x00000000df160000)
 tenured generation   total 203212K, used 142989K [0x00000000e2e00000, 0x00000000ef473000, 0x00000000f5a00000)
   the space 203212K,  70% used [0x00000000e2e00000, 0x00000000eb9a3450, 0x00000000eb9a3600, 0x00000000ef473000)
 compacting perm gen  total 56704K, used 56458K [0x00000000f5a00000, 0x00000000f9160000, 0x0000000100000000)
   the space 56704K,  99% used [0x00000000f5a00000, 0x00000000f91228b0, 0x00000000f9122a00, 0x00000000f9160000)
No shared spaces configured.
}
Event: 15.296 GC heap before
{Heap before GC invocations=40 (full 7):
 def new generation   total 91520K, used 91520K [0x00000000d9800000, 0x00000000dfb40000, 0x00000000e2e00000)
  eden space 81408K, 100% used [0x00000000d9800000, 0x00000000de780000, 0x00000000de780000)
  from space 10112K, 100% used [0x00000000df160000, 0x00000000dfb40000, 0x00000000dfb40000)
  to   space 10112K,   0% used [0x00000000de780000, 0x00000000de780000, 0x00000000df160000)
 tenured generation   total 203212K, used 142989K [0x00000000e2e00000, 0x00000000ef473000, 0x00000000f5a00000)
   the space 203212K,  70% used [0x00000000e2e00000, 0x00000000eb9a3450, 0x00000000eb9a3600, 0x00000000ef473000)
 compacting perm gen  total 58944K, used 58758K [0x00000000f5a00000, 0x00000000f9390000, 0x0000000100000000)
   the space 58944K,  99% used [0x00000000f5a00000, 0x00000000f9361968, 0x00000000f9361a00, 0x00000000f9390000)
No shared spaces configured.
Event: 15.449 GC heap after
Heap after GC invocations=41 (full 7):
 def new generation   total 91520K, used 10112K [0x00000000d9800000, 0x00000000dfb40000, 0x00000000e2e00000)
  eden space 81408K,   0% used [0x00000000d9800000, 0x00000000d9800000, 0x00000000de780000)
  from space 10112K, 100% used [0x00000000de780000, 0x00000000df160000, 0x00000000df160000)
  to   space 10112K,   0% used [0x00000000df160000, 0x00000000df160000, 0x00000000dfb40000)
 tenured generation   total 203212K, used 166839K [0x00000000e2e00000, 0x00000000ef473000, 0x00000000f5a00000)
   the space 203212K,  82% used [0x00000000e2e00000, 0x00000000ed0ede68, 0x00000000ed0ee000, 0x00000000ef473000)
 compacting perm gen  total 58944K, used 58758K [0x00000000f5a00000, 0x00000000f9390000, 0x0000000100000000)
   the space 58944K,  99% used [0x00000000f5a00000, 0x00000000f9361968, 0x00000000f9361a00, 0x00000000f9390000)
No shared spaces configured.
}
Event: 15.888 GC heap before
{Heap before GC invocations=41 (full 7):
 def new generation   total 91520K, used 53348K [0x00000000d9800000, 0x00000000dfb40000, 0x00000000e2e00000)
  eden space 81408K,  53% used [0x00000000d9800000, 0x00000000dc239340, 0x00000000de780000)
  from space 10112K, 100% used [0x00000000de780000, 0x00000000df160000, 0x00000000df160000)
  to   space 10112K,   0% used [0x00000000df160000, 0x00000000df160000, 0x00000000dfb40000)
 tenured generation   total 203212K, used 166839K [0x00000000e2e00000, 0x00000000ef473000, 0x00000000f5a00000)
   the space 203212K,  82% used [0x00000000e2e00000, 0x00000000ed0ede68, 0x00000000ed0ee000, 0x00000000ef473000)
 compacting perm gen  total 59264K, used 59263K [0x00000000f5a00000, 0x00000000f93e0000, 0x0000000100000000)
   the space 59264K,  99% used [0x00000000f5a00000, 0x00000000f93dffe8, 0x00000000f93e0000, 0x00000000f93e0000)
No shared spaces configured.

