# JRE version: OpenJDK Runtime Environment (7.0_65-b32) (build 1.7.0_65-b32)
# Java VM: OpenJDK 64-Bit Server VM (24.65-b04 mixed mode linux-amd64 compressed oops)
Heap
 def new generation   total 95232K, used 0K [0x00000000d9800000, 0x00000000dff50000, 0x00000000e2e00000)
  eden space 84672K,   0% used [0x00000000d9800000, 0x00000000d9800000, 0x00000000deab0000)
  from space 10560K,   0% used [0x00000000deab0000, 0x00000000deab0000, 0x00000000df500000)
  to   space 10560K,   0% used [0x00000000df500000, 0x00000000df500000, 0x00000000dff50000)
 tenured generation   total 233140K, used 218966K [0x00000000e2e00000, 0x00000000f11ad000, 0x00000000f5a00000)
   the space 233140K,  93% used [0x00000000e2e00000, 0x00000000f03d58e8, 0x00000000f03d5a00, 0x00000000f11ad000)
 compacting perm gen  total 60544K, used 60429K [0x00000000f5a00000, 0x00000000f9520000, 0x0000000100000000)
   the space 60544K,  99% used [0x00000000f5a00000, 0x00000000f9503650, 0x00000000f9503800, 0x00000000f9520000)
GC Heap History (10 events):
Event: 13.066 GC heap after
Heap after GC invocations=39 (full 6):
 def new generation   total 59008K, used 6528K [0x00000000d9800000, 0x00000000dd800000, 0x00000000e2e00000)
  eden space 52480K,   0% used [0x00000000d9800000, 0x00000000d9800000, 0x00000000dcb40000)
  from space 6528K, 100% used [0x00000000dd1a0000, 0x00000000dd800000, 0x00000000dd800000)
  to   space 6528K,   0% used [0x00000000dcb40000, 0x00000000dcb40000, 0x00000000dd1a0000)
 tenured generation   total 130940K, used 123208K [0x00000000e2e00000, 0x00000000eaddf000, 0x00000000f5a00000)
   the space 130940K,  94% used [0x00000000e2e00000, 0x00000000ea652010, 0x00000000ea652200, 0x00000000eaddf000)
 compacting perm gen  total 54784K, used 54545K [0x00000000f5a00000, 0x00000000f8f80000, 0x0000000100000000)
   the space 54784K,  99% used [0x00000000f5a00000, 0x00000000f8f447e0, 0x00000000f8f44800, 0x00000000f8f80000)
No shared spaces configured.
}
Event: 13.203 GC heap before
{Heap before GC invocations=39 (full 6):
 def new generation   total 59008K, used 22378K [0x00000000d9800000, 0x00000000dd800000, 0x00000000e2e00000)
  eden space 52480K,  30% used [0x00000000d9800000, 0x00000000da77a988, 0x00000000dcb40000)
  from space 6528K, 100% used [0x00000000dd1a0000, 0x00000000dd800000, 0x00000000dd800000)
  to   space 6528K,   0% used [0x00000000dcb40000, 0x00000000dcb40000, 0x00000000dd1a0000)
 tenured generation   total 130940K, used 123208K [0x00000000e2e00000, 0x00000000eaddf000, 0x00000000f5a00000)
   the space 130940K,  94% used [0x00000000e2e00000, 0x00000000ea652010, 0x00000000ea652200, 0x00000000eaddf000)
 compacting perm gen  total 55104K, used 55103K [0x00000000f5a00000, 0x00000000f8fd0000, 0x0000000100000000)
   the space 55104K,  99% used [0x00000000f5a00000, 0x00000000f8fcfe30, 0x00000000f8fd0000, 0x00000000f8fd0000)
No shared spaces configured.
Event: 13.609 GC heap after
Heap after GC invocations=40 (full 7):
 def new generation   total 95232K, used 0K [0x00000000d9800000, 0x00000000dff50000, 0x00000000e2e00000)
  eden space 84672K,   0% used [0x00000000d9800000, 0x00000000d9800000, 0x00000000deab0000)
  from space 10560K,   0% used [0x00000000deab0000, 0x00000000deab0000, 0x00000000df500000)
  to   space 10560K,   0% used [0x00000000df500000, 0x00000000df500000, 0x00000000dff50000)
 tenured generation   total 211544K, used 126924K [0x00000000e2e00000, 0x00000000efc96000, 0x00000000f5a00000)
   the space 211544K,  59% used [0x00000000e2e00000, 0x00000000ea9f3068, 0x00000000ea9f3200, 0x00000000efc96000)
 compacting perm gen  total 55104K, used 55103K [0x00000000f5a00000, 0x00000000f8fd0000, 0x0000000100000000)
   the space 55104K,  99% used [0x00000000f5a00000, 0x00000000f8fcfe30, 0x00000000f8fd0000, 0x00000000f8fd0000)
No shared spaces configured.
}
Event: 14.354 GC heap before
{Heap before GC invocations=40 (full 7):
 def new generation   total 95232K, used 84672K [0x00000000d9800000, 0x00000000dff50000, 0x00000000e2e00000)
  eden space 84672K, 100% used [0x00000000d9800000, 0x00000000deab0000, 0x00000000deab0000)
  from space 10560K,   0% used [0x00000000deab0000, 0x00000000deab0000, 0x00000000df500000)
  to   space 10560K,   0% used [0x00000000df500000, 0x00000000df500000, 0x00000000dff50000)
 tenured generation   total 211544K, used 126924K [0x00000000e2e00000, 0x00000000efc96000, 0x00000000f5a00000)
   the space 211544K,  59% used [0x00000000e2e00000, 0x00000000ea9f3068, 0x00000000ea9f3200, 0x00000000efc96000)
 compacting perm gen  total 57984K, used 57830K [0x00000000f5a00000, 0x00000000f92a0000, 0x0000000100000000)
   the space 57984K,  99% used [0x00000000f5a00000, 0x00000000f92798e0, 0x00000000f9279a00, 0x00000000f92a0000)
No shared spaces configured.
Event: 14.440 GC heap after
Heap after GC invocations=41 (full 7):
 def new generation   total 95232K, used 10559K [0x00000000d9800000, 0x00000000dff50000, 0x00000000e2e00000)
  eden space 84672K,   0% used [0x00000000d9800000, 0x00000000d9800000, 0x00000000deab0000)
  from space 10560K,  99% used [0x00000000df500000, 0x00000000dff4fff8, 0x00000000dff50000)
  to   space 10560K,   0% used [0x00000000deab0000, 0x00000000deab0000, 0x00000000df500000)
 tenured generation   total 211544K, used 148305K [0x00000000e2e00000, 0x00000000efc96000, 0x00000000f5a00000)
   the space 211544K,  70% used [0x00000000e2e00000, 0x00000000ebed4528, 0x00000000ebed4600, 0x00000000efc96000)
 compacting perm gen  total 57984K, used 57830K [0x00000000f5a00000, 0x00000000f92a0000, 0x0000000100000000)
   the space 57984K,  99% used [0x00000000f5a00000, 0x00000000f92798e0, 0x00000000f9279a00, 0x00000000f92a0000)
No shared spaces configured.
}
Event: 15.256 GC heap before
{Heap before GC invocations=41 (full 7):
 def new generation   total 95232K, used 95231K [0x00000000d9800000, 0x00000000dff50000, 0x00000000e2e00000)
  eden space 84672K, 100% used [0x00000000d9800000, 0x00000000deab0000, 0x00000000deab0000)
  from space 10560K,  99% used [0x00000000df500000, 0x00000000dff4fff8, 0x00000000dff50000)
  to   space 10560K,   0% used [0x00000000deab0000, 0x00000000deab0000, 0x00000000df500000)
 tenured generation   total 211544K, used 148305K [0x00000000e2e00000, 0x00000000efc96000, 0x00000000f5a00000)
   the space 211544K,  70% used [0x00000000e2e00000, 0x00000000ebed4528, 0x00000000ebed4600, 0x00000000efc96000)
 compacting perm gen  total 59584K, used 59333K [0x00000000f5a00000, 0x00000000f9430000, 0x0000000100000000)
   the space 59584K,  99% used [0x00000000f5a00000, 0x00000000f93f16a8, 0x00000000f93f1800, 0x00000000f9430000)
No shared spaces configured.
Event: 15.380 GC heap after
Heap after GC invocations=42 (full 7):
 def new generation   total 95232K, used 10560K [0x00000000d9800000, 0x00000000dff50000, 0x00000000e2e00000)
  eden space 84672K,   0% used [0x00000000d9800000, 0x00000000d9800000, 0x00000000deab0000)
  from space 10560K, 100% used [0x00000000deab0000, 0x00000000df500000, 0x00000000df500000)
  to   space 10560K,   0% used [0x00000000df500000, 0x00000000df500000, 0x00000000dff50000)
 tenured generation   total 211544K, used 173541K [0x00000000e2e00000, 0x00000000efc96000, 0x00000000f5a00000)
   the space 211544K,  82% used [0x00000000e2e00000, 0x00000000ed7795f0, 0x00000000ed779600, 0x00000000efc96000)
 compacting perm gen  total 59584K, used 59333K [0x00000000f5a00000, 0x00000000f9430000, 0x0000000100000000)
   the space 59584K,  99% used [0x00000000f5a00000, 0x00000000f93f16a8, 0x00000000f93f1800, 0x00000000f9430000)
No shared spaces configured.
}
Event: 16.439 GC heap before
{Heap before GC invocations=42 (full 7):
 def new generation   total 95232K, used 95232K [0x00000000d9800000, 0x00000000dff50000, 0x00000000e2e00000)
  eden space 84672K, 100% used [0x00000000d9800000, 0x00000000deab0000, 0x00000000deab0000)
  from space 10560K, 100% used [0x00000000deab0000, 0x00000000df500000, 0x00000000df500000)
  to   space 10560K,   0% used [0x00000000df500000, 0x00000000df500000, 0x00000000dff50000)
 tenured generation   total 211544K, used 173541K [0x00000000e2e00000, 0x00000000efc96000, 0x00000000f5a00000)
   the space 211544K,  82% used [0x00000000e2e00000, 0x00000000ed7795f0, 0x00000000ed779600, 0x00000000efc96000)
 compacting perm gen  total 59904K, used 59738K [0x00000000f5a00000, 0x00000000f9480000, 0x0000000100000000)
   the space 59904K,  99% used [0x00000000f5a00000, 0x00000000f9456a30, 0x00000000f9456c00, 0x00000000f9480000)
No shared spaces configured.
Event: 16.575 GC heap after
Heap after GC invocations=43 (full 7):
 def new generation   total 95232K, used 10559K [0x00000000d9800000, 0x00000000dff50000, 0x00000000e2e00000)
  eden space 84672K,   0% used [0x00000000d9800000, 0x00000000d9800000, 0x00000000deab0000)
  from space 10560K,  99% used [0x00000000df500000, 0x00000000dff4fff8, 0x00000000dff50000)
  to   space 10560K,   0% used [0x00000000deab0000, 0x00000000deab0000, 0x00000000df500000)
 tenured generation   total 211544K, used 198555K [0x00000000e2e00000, 0x00000000efc96000, 0x00000000f5a00000)
   the space 211544K,  93% used [0x00000000e2e00000, 0x00000000eefe6d98, 0x00000000eefe6e00, 0x00000000efc96000)
 compacting perm gen  total 59904K, used 59738K [0x00000000f5a00000, 0x00000000f9480000, 0x0000000100000000)
   the space 59904K,  99% used [0x00000000f5a00000, 0x00000000f9456a30, 0x00000000f9456c00, 0x00000000f9480000)
No shared spaces configured.
}
Event: 17.695 GC heap before
{Heap before GC invocations=43 (full 7):
 def new generation   total 95232K, used 95231K [0x00000000d9800000, 0x00000000dff50000, 0x00000000e2e00000)
  eden space 84672K, 100% used [0x00000000d9800000, 0x00000000deab0000, 0x00000000deab0000)
  from space 10560K,  99% used [0x00000000df500000, 0x00000000dff4fff8, 0x00000000dff50000)
  to   space 10560K,   0% used [0x00000000deab0000, 0x00000000deab0000, 0x00000000df500000)
 tenured generation   total 211544K, used 198555K [0x00000000e2e00000, 0x00000000efc96000, 0x00000000f5a00000)
   the space 211544K,  93% used [0x00000000e2e00000, 0x00000000eefe6d98, 0x00000000eefe6e00, 0x00000000efc96000)
 compacting perm gen  total 60544K, used 60431K [0x00000000f5a00000, 0x00000000f9520000, 0x0000000100000000)
   the space 60544K,  99% used [0x00000000f5a00000, 0x00000000f9503db8, 0x00000000f9503e00, 0x00000000f9520000)
No shared spaces configured.

