# JRE version: OpenJDK Runtime Environment (7.0_65-b32) (build 1.7.0_65-b32)
# Java VM: OpenJDK 64-Bit Server VM (24.65-b04 mixed mode linux-amd64 compressed oops)
Heap
 def new generation   total 87488K, used 0K [0x00000000d9800000, 0x00000000df6e0000, 0x00000000e2e00000)
  eden space 77824K,   0% used [0x00000000d9800000, 0x00000000d9800000, 0x00000000de400000)
  from space 9664K,   0% used [0x00000000de400000, 0x00000000de400000, 0x00000000ded70000)
  to   space 9664K,   0% used [0x00000000ded70000, 0x00000000ded70000, 0x00000000df6e0000)
 tenured generation   total 204608K, used 198351K [0x00000000e2e00000, 0x00000000ef5d0000, 0x00000000f5a00000)
   the space 204608K,  96% used [0x00000000e2e00000, 0x00000000eefb3f48, 0x00000000eefb4000, 0x00000000ef5d0000)
 compacting perm gen  total 60096K, used 59902K [0x00000000f5a00000, 0x00000000f94b0000, 0x0000000100000000)
   the space 60096K,  99% used [0x00000000f5a00000, 0x00000000f947fba8, 0x00000000f947fc00, 0x00000000f94b0000)
GC Heap History (10 events):
Event: 12.431 GC heap after
Heap after GC invocations=38 (full 6):
 def new generation   total 52480K, used 5823K [0x00000000d9800000, 0x00000000dd0f0000, 0x00000000e2e00000)
  eden space 46656K,   0% used [0x00000000d9800000, 0x00000000d9800000, 0x00000000dc590000)
  from space 5824K,  99% used [0x00000000dcb40000, 0x00000000dd0efff8, 0x00000000dd0f0000)
  to   space 5824K,   0% used [0x00000000dc590000, 0x00000000dc590000, 0x00000000dcb40000)
 tenured generation   total 116544K, used 109432K [0x00000000e2e00000, 0x00000000e9fd0000, 0x00000000f5a00000)
   the space 116544K,  93% used [0x00000000e2e00000, 0x00000000e98de268, 0x00000000e98de400, 0x00000000e9fd0000)
 compacting perm gen  total 53376K, used 53222K [0x00000000f5a00000, 0x00000000f8e20000, 0x0000000100000000)
   the space 53376K,  99% used [0x00000000f5a00000, 0x00000000f8df9858, 0x00000000f8df9a00, 0x00000000f8e20000)
No shared spaces configured.
}
Event: 12.826 GC heap before
{Heap before GC invocations=38 (full 6):
 def new generation   total 52480K, used 50448K [0x00000000d9800000, 0x00000000dd0f0000, 0x00000000e2e00000)
  eden space 46656K,  95% used [0x00000000d9800000, 0x00000000dc394270, 0x00000000dc590000)
  from space 5824K,  99% used [0x00000000dcb40000, 0x00000000dd0efff8, 0x00000000dd0f0000)
  to   space 5824K,   0% used [0x00000000dc590000, 0x00000000dc590000, 0x00000000dcb40000)
 tenured generation   total 116544K, used 109432K [0x00000000e2e00000, 0x00000000e9fd0000, 0x00000000f5a00000)
   the space 116544K,  93% used [0x00000000e2e00000, 0x00000000e98de268, 0x00000000e98de400, 0x00000000e9fd0000)
 compacting perm gen  total 54656K, used 54655K [0x00000000f5a00000, 0x00000000f8f60000, 0x0000000100000000)
   the space 54656K,  99% used [0x00000000f5a00000, 0x00000000f8f5fef8, 0x00000000f8f60000, 0x00000000f8f60000)
No shared spaces configured.
Event: 13.303 GC heap after
Heap after GC invocations=39 (full 7):
 def new generation   total 87488K, used 5843K [0x00000000d9800000, 0x00000000df6e0000, 0x00000000e2e00000)
  eden space 77824K,   7% used [0x00000000d9800000, 0x00000000d9db4d00, 0x00000000de400000)
  from space 9664K,   0% used [0x00000000de400000, 0x00000000de400000, 0x00000000ded70000)
  to   space 9664K,   0% used [0x00000000ded70000, 0x00000000ded70000, 0x00000000df6e0000)
 tenured generation   total 194240K, used 116543K [0x00000000e2e00000, 0x00000000eebb0000, 0x00000000f5a00000)
   the space 194240K,  59% used [0x00000000e2e00000, 0x00000000e9fcfff8, 0x00000000e9fd0000, 0x00000000eebb0000)
 compacting perm gen  total 54656K, used 54655K [0x00000000f5a00000, 0x00000000f8f60000, 0x0000000100000000)
   the space 54656K,  99% used [0x00000000f5a00000, 0x00000000f8f5fef8, 0x00000000f8f60000, 0x00000000f8f60000)
No shared spaces configured.
}
Event: 13.992 GC heap before
{Heap before GC invocations=39 (full 7):
 def new generation   total 87488K, used 69901K [0x00000000d9800000, 0x00000000df6e0000, 0x00000000e2e00000)
  eden space 77824K,  89% used [0x00000000d9800000, 0x00000000ddc43518, 0x00000000de400000)
  from space 9664K,   0% used [0x00000000de400000, 0x00000000de400000, 0x00000000ded70000)
  to   space 9664K,   0% used [0x00000000ded70000, 0x00000000ded70000, 0x00000000df6e0000)
 tenured generation   total 194240K, used 116543K [0x00000000e2e00000, 0x00000000eebb0000, 0x00000000f5a00000)
   the space 194240K,  59% used [0x00000000e2e00000, 0x00000000e9fcfff8, 0x00000000e9fd0000, 0x00000000eebb0000)
 compacting perm gen  total 56896K, used 56836K [0x00000000f5a00000, 0x00000000f9190000, 0x0000000100000000)
   the space 56896K,  99% used [0x00000000f5a00000, 0x00000000f91813a0, 0x00000000f9181400, 0x00000000f9190000)
No shared spaces configured.
Event: 14.174 GC heap after
Heap after GC invocations=40 (full 7):
 def new generation   total 87488K, used 9664K [0x00000000d9800000, 0x00000000df6e0000, 0x00000000e2e00000)
  eden space 77824K,   0% used [0x00000000d9800000, 0x00000000d9800000, 0x00000000de400000)
  from space 9664K, 100% used [0x00000000ded70000, 0x00000000df6e0000, 0x00000000df6e0000)
  to   space 9664K,   0% used [0x00000000de400000, 0x00000000de400000, 0x00000000ded70000)
 tenured generation   total 194240K, used 130834K [0x00000000e2e00000, 0x00000000eebb0000, 0x00000000f5a00000)
   the space 194240K,  67% used [0x00000000e2e00000, 0x00000000eadc4a30, 0x00000000eadc4c00, 0x00000000eebb0000)
 compacting perm gen  total 56896K, used 56836K [0x00000000f5a00000, 0x00000000f9190000, 0x0000000100000000)
   the space 56896K,  99% used [0x00000000f5a00000, 0x00000000f91813a0, 0x00000000f9181400, 0x00000000f9190000)
No shared spaces configured.
}
Event: 14.775 GC heap before
{Heap before GC invocations=40 (full 7):
 def new generation   total 87488K, used 87488K [0x00000000d9800000, 0x00000000df6e0000, 0x00000000e2e00000)
  eden space 77824K, 100% used [0x00000000d9800000, 0x00000000de400000, 0x00000000de400000)
  from space 9664K, 100% used [0x00000000ded70000, 0x00000000df6e0000, 0x00000000df6e0000)
  to   space 9664K,   0% used [0x00000000de400000, 0x00000000de400000, 0x00000000ded70000)
 tenured generation   total 194240K, used 130834K [0x00000000e2e00000, 0x00000000eebb0000, 0x00000000f5a00000)
   the space 194240K,  67% used [0x00000000e2e00000, 0x00000000eadc4a30, 0x00000000eadc4c00, 0x00000000eebb0000)
 compacting perm gen  total 58816K, used 58770K [0x00000000f5a00000, 0x00000000f9370000, 0x0000000100000000)
   the space 58816K,  99% used [0x00000000f5a00000, 0x00000000f9364868, 0x00000000f9364a00, 0x00000000f9370000)
No shared spaces configured.
Event: 14.896 GC heap after
Heap after GC invocations=41 (full 7):
 def new generation   total 87488K, used 9664K [0x00000000d9800000, 0x00000000df6e0000, 0x00000000e2e00000)
  eden space 77824K,   0% used [0x00000000d9800000, 0x00000000d9800000, 0x00000000de400000)
  from space 9664K, 100% used [0x00000000de400000, 0x00000000ded70000, 0x00000000ded70000)
  to   space 9664K,   0% used [0x00000000ded70000, 0x00000000ded70000, 0x00000000df6e0000)
 tenured generation   total 194240K, used 161155K [0x00000000e2e00000, 0x00000000eebb0000, 0x00000000f5a00000)
   the space 194240K,  82% used [0x00000000e2e00000, 0x00000000ecb60ea0, 0x00000000ecb61000, 0x00000000eebb0000)
 compacting perm gen  total 58816K, used 58770K [0x00000000f5a00000, 0x00000000f9370000, 0x0000000100000000)
   the space 58816K,  99% used [0x00000000f5a00000, 0x00000000f9364868, 0x00000000f9364a00, 0x00000000f9370000)
No shared spaces configured.
}
Event: 15.725 GC heap before
{Heap before GC invocations=41 (full 7):
 def new generation   total 87488K, used 87488K [0x00000000d9800000, 0x00000000df6e0000, 0x00000000e2e00000)
  eden space 77824K, 100% used [0x00000000d9800000, 0x00000000de400000, 0x00000000de400000)
  from space 9664K, 100% used [0x00000000de400000, 0x00000000ded70000, 0x00000000ded70000)
  to   space 9664K,   0% used [0x00000000ded70000, 0x00000000ded70000, 0x00000000df6e0000)
 tenured generation   total 194240K, used 161155K [0x00000000e2e00000, 0x00000000eebb0000, 0x00000000f5a00000)
   the space 194240K,  82% used [0x00000000e2e00000, 0x00000000ecb60ea0, 0x00000000ecb61000, 0x00000000eebb0000)
 compacting perm gen  total 59776K, used 59623K [0x00000000f5a00000, 0x00000000f9460000, 0x0000000100000000)
   the space 59776K,  99% used [0x00000000f5a00000, 0x00000000f9439c40, 0x00000000f9439e00, 0x00000000f9460000)
No shared spaces configured.
Event: 15.835 GC heap after
Heap after GC invocations=42 (full 7):
 def new generation   total 87488K, used 9664K [0x00000000d9800000, 0x00000000df6e0000, 0x00000000e2e00000)
  eden space 77824K,   0% used [0x00000000d9800000, 0x00000000d9800000, 0x00000000de400000)
  from space 9664K, 100% used [0x00000000ded70000, 0x00000000df6e0000, 0x00000000df6e0000)
  to   space 9664K,   0% used [0x00000000de400000, 0x00000000de400000, 0x00000000ded70000)
 tenured generation   total 194240K, used 184809K [0x00000000e2e00000, 0x00000000eebb0000, 0x00000000f5a00000)
   the space 194240K,  95% used [0x00000000e2e00000, 0x00000000ee27a748, 0x00000000ee27a800, 0x00000000eebb0000)
 compacting perm gen  total 59776K, used 59623K [0x00000000f5a00000, 0x00000000f9460000, 0x0000000100000000)
   the space 59776K,  99% used [0x00000000f5a00000, 0x00000000f9439c40, 0x00000000f9439e00, 0x00000000f9460000)
No shared spaces configured.
}
Event: 16.807 GC heap before
{Heap before GC invocations=42 (full 7):
 def new generation   total 87488K, used 77380K [0x00000000d9800000, 0x00000000df6e0000, 0x00000000e2e00000)
  eden space 77824K,  87% used [0x00000000d9800000, 0x00000000dda21350, 0x00000000de400000)
  from space 9664K, 100% used [0x00000000ded70000, 0x00000000df6e0000, 0x00000000df6e0000)
  to   space 9664K,   0% used [0x00000000de400000, 0x00000000de400000, 0x00000000ded70000)
 tenured generation   total 194240K, used 184809K [0x00000000e2e00000, 0x00000000eebb0000, 0x00000000f5a00000)
   the space 194240K,  95% used [0x00000000e2e00000, 0x00000000ee27a748, 0x00000000ee27a800, 0x00000000eebb0000)
 compacting perm gen  total 60096K, used 59904K [0x00000000f5a00000, 0x00000000f94b0000, 0x0000000100000000)
   the space 60096K,  99% used [0x00000000f5a00000, 0x00000000f94800a8, 0x00000000f9480200, 0x00000000f94b0000)
No shared spaces configured.

