# JRE version: OpenJDK Runtime Environment (7.0_65-b32) (build 1.7.0_65-b32)
# Java VM: OpenJDK 64-Bit Server VM (24.65-b04 mixed mode linux-amd64 compressed oops)
Heap
 def new generation   total 173632K, used 0K [0x00000000b5a00000, 0x00000000c1660000, 0x00000000caf50000)
  eden space 154368K,   0% used [0x00000000b5a00000, 0x00000000b5a00000, 0x00000000bf0c0000)
  from space 19264K,   0% used [0x00000000c0390000, 0x00000000c0390000, 0x00000000c1660000)
  to   space 19264K,   0% used [0x00000000bf0c0000, 0x00000000bf0c0000, 0x00000000c0390000)
 tenured generation   total 413364K, used 381440K [0x00000000caf50000, 0x00000000e42fd000, 0x00000000f5a00000)
   the space 413364K,  92% used [0x00000000caf50000, 0x00000000e23d03b0, 0x00000000e23d0400, 0x00000000e42fd000)
 compacting perm gen  total 76288K, used 76185K [0x00000000f5a00000, 0x00000000fa480000, 0x0000000100000000)
   the space 76288K,  99% used [0x00000000f5a00000, 0x00000000fa4665a0, 0x00000000fa466600, 0x00000000fa480000)
GC Heap History (10 events):
Event: 52722.360 GC heap after
Heap after GC invocations=1125 (full 13):
 def new generation   total 173632K, used 0K [0x00000000b5a00000, 0x00000000c1660000, 0x00000000caf50000)
  eden space 154368K,   0% used [0x00000000b5a00000, 0x00000000b5a00000, 0x00000000bf0c0000)
  from space 19264K,   0% used [0x00000000bf0c0000, 0x00000000bf0c0000, 0x00000000c0390000)
  to   space 19264K,   0% used [0x00000000c0390000, 0x00000000c0390000, 0x00000000c1660000)
 tenured generation   total 385716K, used 231428K [0x00000000caf50000, 0x00000000e27fd000, 0x00000000f5a00000)
   the space 385716K,  59% used [0x00000000caf50000, 0x00000000d9151158, 0x00000000d9151200, 0x00000000e27fd000)
 compacting perm gen  total 76288K, used 76175K [0x00000000f5a00000, 0x00000000fa480000, 0x0000000100000000)
   the space 76288K,  99% used [0x00000000f5a00000, 0x00000000fa463f40, 0x00000000fa464000, 0x00000000fa480000)
No shared spaces configured.
}
Event: 52723.825 GC heap before
{Heap before GC invocations=1125 (full 13):
 def new generation   total 173632K, used 154368K [0x00000000b5a00000, 0x00000000c1660000, 0x00000000caf50000)
  eden space 154368K, 100% used [0x00000000b5a00000, 0x00000000bf0c0000, 0x00000000bf0c0000)
  from space 19264K,   0% used [0x00000000bf0c0000, 0x00000000bf0c0000, 0x00000000c0390000)
  to   space 19264K,   0% used [0x00000000c0390000, 0x00000000c0390000, 0x00000000c1660000)
 tenured generation   total 385716K, used 231428K [0x00000000caf50000, 0x00000000e27fd000, 0x00000000f5a00000)
   the space 385716K,  59% used [0x00000000caf50000, 0x00000000d9151158, 0x00000000d9151200, 0x00000000e27fd000)
 compacting perm gen  total 76288K, used 76178K [0x00000000f5a00000, 0x00000000fa480000, 0x0000000100000000)
   the space 76288K,  99% used [0x00000000f5a00000, 0x00000000fa464930, 0x00000000fa464a00, 0x00000000fa480000)
No shared spaces configured.
Event: 52723.914 GC heap after
Heap after GC invocations=1126 (full 13):
 def new generation   total 173632K, used 19264K [0x00000000b5a00000, 0x00000000c1660000, 0x00000000caf50000)
  eden space 154368K,   0% used [0x00000000b5a00000, 0x00000000b5a00000, 0x00000000bf0c0000)
  from space 19264K, 100% used [0x00000000c0390000, 0x00000000c1660000, 0x00000000c1660000)
  to   space 19264K,   0% used [0x00000000bf0c0000, 0x00000000bf0c0000, 0x00000000c0390000)
 tenured generation   total 385716K, used 233797K [0x00000000caf50000, 0x00000000e27fd000, 0x00000000f5a00000)
   the space 385716K,  60% used [0x00000000caf50000, 0x00000000d93a1560, 0x00000000d93a1600, 0x00000000e27fd000)
 compacting perm gen  total 76288K, used 76178K [0x00000000f5a00000, 0x00000000fa480000, 0x0000000100000000)
   the space 76288K,  99% used [0x00000000f5a00000, 0x00000000fa464930, 0x00000000fa464a00, 0x00000000fa480000)
No shared spaces configured.
}
Event: 52725.190 GC heap before
{Heap before GC invocations=1126 (full 13):
 def new generation   total 173632K, used 173632K [0x00000000b5a00000, 0x00000000c1660000, 0x00000000caf50000)
  eden space 154368K, 100% used [0x00000000b5a00000, 0x00000000bf0c0000, 0x00000000bf0c0000)
  from space 19264K, 100% used [0x00000000c0390000, 0x00000000c1660000, 0x00000000c1660000)
  to   space 19264K,   0% used [0x00000000bf0c0000, 0x00000000bf0c0000, 0x00000000c0390000)
 tenured generation   total 385716K, used 233797K [0x00000000caf50000, 0x00000000e27fd000, 0x00000000f5a00000)
   the space 385716K,  60% used [0x00000000caf50000, 0x00000000d93a1560, 0x00000000d93a1600, 0x00000000e27fd000)
 compacting perm gen  total 76288K, used 76178K [0x00000000f5a00000, 0x00000000fa480000, 0x0000000100000000)
   the space 76288K,  99% used [0x00000000f5a00000, 0x00000000fa464930, 0x00000000fa464a00, 0x00000000fa480000)
No shared spaces configured.
Event: 52725.322 GC heap after
Heap after GC invocations=1127 (full 13):
 def new generation   total 173632K, used 19264K [0x00000000b5a00000, 0x00000000c1660000, 0x00000000caf50000)
  eden space 154368K,   0% used [0x00000000b5a00000, 0x00000000b5a00000, 0x00000000bf0c0000)
  from space 19264K, 100% used [0x00000000bf0c0000, 0x00000000c0390000, 0x00000000c0390000)
  to   space 19264K,   0% used [0x00000000c0390000, 0x00000000c0390000, 0x00000000c1660000)
 tenured generation   total 385716K, used 270065K [0x00000000caf50000, 0x00000000e27fd000, 0x00000000f5a00000)
   the space 385716K,  70% used [0x00000000caf50000, 0x00000000db70c4b8, 0x00000000db70c600, 0x00000000e27fd000)
 compacting perm gen  total 76288K, used 76178K [0x00000000f5a00000, 0x00000000fa480000, 0x0000000100000000)
   the space 76288K,  99% used [0x00000000f5a00000, 0x00000000fa464930, 0x00000000fa464a00, 0x00000000fa480000)
No shared spaces configured.
}
Event: 52726.670 GC heap before
{Heap before GC invocations=1127 (full 13):
 def new generation   total 173632K, used 173632K [0x00000000b5a00000, 0x00000000c1660000, 0x00000000caf50000)
  eden space 154368K, 100% used [0x00000000b5a00000, 0x00000000bf0c0000, 0x00000000bf0c0000)
  from space 19264K, 100% used [0x00000000bf0c0000, 0x00000000c0390000, 0x00000000c0390000)
  to   space 19264K,   0% used [0x00000000c0390000, 0x00000000c0390000, 0x00000000c1660000)
 tenured generation   total 385716K, used 270065K [0x00000000caf50000, 0x00000000e27fd000, 0x00000000f5a00000)
   the space 385716K,  70% used [0x00000000caf50000, 0x00000000db70c4b8, 0x00000000db70c600, 0x00000000e27fd000)
 compacting perm gen  total 76288K, used 76183K [0x00000000f5a00000, 0x00000000fa480000, 0x0000000100000000)
   the space 76288K,  99% used [0x00000000f5a00000, 0x00000000fa465cc8, 0x00000000fa465e00, 0x00000000fa480000)
No shared spaces configured.
Event: 52726.760 GC heap after
Heap after GC invocations=1128 (full 13):
 def new generation   total 173632K, used 19263K [0x00000000b5a00000, 0x00000000c1660000, 0x00000000caf50000)
  eden space 154368K,   0% used [0x00000000b5a00000, 0x00000000b5a00000, 0x00000000bf0c0000)
  from space 19264K,  99% used [0x00000000c0390000, 0x00000000c165fff8, 0x00000000c1660000)
  to   space 19264K,   0% used [0x00000000bf0c0000, 0x00000000bf0c0000, 0x00000000c0390000)
 tenured generation   total 385716K, used 305045K [0x00000000caf50000, 0x00000000e27fd000, 0x00000000f5a00000)
   the space 385716K,  79% used [0x00000000caf50000, 0x00000000dd935480, 0x00000000dd935600, 0x00000000e27fd000)
 compacting perm gen  total 76288K, used 76183K [0x00000000f5a00000, 0x00000000fa480000, 0x0000000100000000)
   the space 76288K,  99% used [0x00000000f5a00000, 0x00000000fa465cc8, 0x00000000fa465e00, 0x00000000fa480000)
No shared spaces configured.
}
Event: 52728.217 GC heap before
{Heap before GC invocations=1128 (full 13):
 def new generation   total 173632K, used 173631K [0x00000000b5a00000, 0x00000000c1660000, 0x00000000caf50000)
  eden space 154368K, 100% used [0x00000000b5a00000, 0x00000000bf0c0000, 0x00000000bf0c0000)
  from space 19264K,  99% used [0x00000000c0390000, 0x00000000c165fff8, 0x00000000c1660000)
  to   space 19264K,   0% used [0x00000000bf0c0000, 0x00000000bf0c0000, 0x00000000c0390000)
 tenured generation   total 385716K, used 305045K [0x00000000caf50000, 0x00000000e27fd000, 0x00000000f5a00000)
   the space 385716K,  79% used [0x00000000caf50000, 0x00000000dd935480, 0x00000000dd935600, 0x00000000e27fd000)
 compacting perm gen  total 76288K, used 76185K [0x00000000f5a00000, 0x00000000fa480000, 0x0000000100000000)
   the space 76288K,  99% used [0x00000000f5a00000, 0x00000000fa4665a0, 0x00000000fa466600, 0x00000000fa480000)
No shared spaces configured.
Event: 52728.353 GC heap after
Heap after GC invocations=1129 (full 13):
 def new generation   total 173632K, used 19264K [0x00000000b5a00000, 0x00000000c1660000, 0x00000000caf50000)
  eden space 154368K,   0% used [0x00000000b5a00000, 0x00000000b5a00000, 0x00000000bf0c0000)
  from space 19264K, 100% used [0x00000000bf0c0000, 0x00000000c0390000, 0x00000000c0390000)
  to   space 19264K,   0% used [0x00000000c0390000, 0x00000000c0390000, 0x00000000c1660000)
 tenured generation   total 385716K, used 330722K [0x00000000caf50000, 0x00000000e27fd000, 0x00000000f5a00000)
   the space 385716K,  85% used [0x00000000caf50000, 0x00000000df248b48, 0x00000000df248c00, 0x00000000e27fd000)
 compacting perm gen  total 76288K, used 76185K [0x00000000f5a00000, 0x00000000fa480000, 0x0000000100000000)
   the space 76288K,  99% used [0x00000000f5a00000, 0x00000000fa4665a0, 0x00000000fa466600, 0x00000000fa480000)
No shared spaces configured.
}
Event: 52729.530 GC heap before
{Heap before GC invocations=1129 (full 13):
 def new generation   total 173632K, used 173632K [0x00000000b5a00000, 0x00000000c1660000, 0x00000000caf50000)
  eden space 154368K, 100% used [0x00000000b5a00000, 0x00000000bf0c0000, 0x00000000bf0c0000)
  from space 19264K, 100% used [0x00000000bf0c0000, 0x00000000c0390000, 0x00000000c0390000)
  to   space 19264K,   0% used [0x00000000c0390000, 0x00000000c0390000, 0x00000000c1660000)
 tenured generation   total 385716K, used 330722K [0x00000000caf50000, 0x00000000e27fd000, 0x00000000f5a00000)
   the space 385716K,  85% used [0x00000000caf50000, 0x00000000df248b48, 0x00000000df248c00, 0x00000000e27fd000)
 compacting perm gen  total 76288K, used 76185K [0x00000000f5a00000, 0x00000000fa480000, 0x0000000100000000)
   the space 76288K,  99% used [0x00000000f5a00000, 0x00000000fa4665a0, 0x00000000fa466600, 0x00000000fa480000)
No shared spaces configured.

